{"meta": {"format": 3, "version": "7.14.1", "timestamp": "2026-06-15T20:43:39.239836", "branch_coverage": false, "show_contexts": false}, "files": {"src/witty_service/__init__.py": {"executed_lines": [3, 6, 7, 11], "summary": {"covered_lines": 4, "num_statements": 6, "percent_covered": 66.66666666666667, "percent_covered_display": "67", "missing_lines": 2, "excluded_lines": 0, "percent_statements_covered": 66.66666666666667, "percent_statements_covered_display": "67"}, "missing_lines": [8, 10], "excluded_lines": [], "functions": {"__getattr__": {"executed_lines": [7, 11], "summary": {"covered_lines": 2, "num_statements": 4, "percent_covered": 50.0, "percent_covered_display": "50", "missing_lines": 2, "excluded_lines": 0, "percent_statements_covered": 50.0, "percent_statements_covered_display": "50"}, "missing_lines": [8, 10], "excluded_lines": [], "start_line": 6}, "": {"executed_lines": [3, 6], "summary": {"covered_lines": 2, "num_statements": 2, "percent_covered": 100.0, "percent_covered_display": "100", "missing_lines": 0, "excluded_lines": 0, "percent_statements_covered": 100.0, "percent_statements_covered_display": "100"}, "missing_lines": [], "excluded_lines": [], "start_line": 1}}, "classes": {"": {"executed_lines": [3, 6, 7, 11], "summary": {"covered_lines": 4, "num_statements": 6, "percent_covered": 66.66666666666667, "percent_covered_display": "67", "missing_lines": 2, "excluded_lines": 0, "percent_statements_covered": 66.66666666666667, "percent_statements_covered_display": "67"}, "missing_lines": [8, 10], "excluded_lines": [], "start_line": 1}}}, "src/witty_service/adapter/__init__.py": {"executed_lines": [1, 2, 3, 4, 11], "summary": {"covered_lines": 5, "num_statements": 5, "percent_covered": 100.0, "percent_covered_display": "100", "missing_lines": 0, "excluded_lines": 0, "percent_statements_covered": 100.0, "percent_statements_covered_display": "100"}, "missing_lines": [], "excluded_lines": [], "functions": {"": {"executed_lines": [1, 2, 3, 4, 11], "summary": {"covered_lines": 5, "num_statements": 5, "percent_covered": 100.0, "percent_covered_display": "100", "missing_lines": 0, "excluded_lines": 0, "percent_statements_covered": 100.0, "percent_statements_covered_display": "100"}, "missing_lines": [], "excluded_lines": [], "start_line": 1}}, "classes": {"": {"executed_lines": [1, 2, 3, 4, 11], "summary": {"covered_lines": 5, "num_statements": 5, "percent_covered": 100.0, "percent_covered_display": "100", "missing_lines": 0, "excluded_lines": 0, "percent_statements_covered": 100.0, "percent_statements_covered_display": "100"}, "missing_lines": [], "excluded_lines": [], "start_line": 1}}}, "src/witty_service/adapter/exceptions.py": {"executed_lines": [1, 3, 5, 8, 9, 12, 13, 19, 27, 28, 34, 42, 43, 49, 57, 58, 64], "summary": {"covered_lines": 17, "num_statements": 17, "percent_covered": 100.0, "percent_covered_display": "100", "missing_lines": 0, "excluded_lines": 0, "percent_statements_covered": 100.0, "percent_statements_covered_display": "100"}, "missing_lines": [], "excluded_lines": [], "functions": {"AdaptorConnectionError.__init__": {"executed_lines": [19], "summary": {"covered_lines": 1, "num_statements": 1, "percent_covered": 100.0, "percent_covered_display": "100", "missing_lines": 0, "excluded_lines": 0, "percent_statements_covered": 100.0, "percent_statements_covered_display": "100"}, "missing_lines": [], "excluded_lines": [], "start_line": 13}, "AdaptorConnectionTimeout.__init__": {"executed_lines": [34], "summary": {"covered_lines": 1, "num_statements": 1, "percent_covered": 100.0, "percent_covered_display": "100", "missing_lines": 0, "excluded_lines": 0, "percent_statements_covered": 100.0, "percent_statements_covered_display": "100"}, "missing_lines": [], "excluded_lines": [], "start_line": 28}, "AdaptorSendFailed.__init__": {"executed_lines": [49], "summary": {"covered_lines": 1, "num_statements": 1, "percent_covered": 100.0, "percent_covered_display": "100", "missing_lines": 0, "excluded_lines": 0, "percent_statements_covered": 100.0, "percent_statements_covered_display": "100"}, "missing_lines": [], "excluded_lines": [], "start_line": 43}, "AdaptorReceiveError.__init__": {"executed_lines": [64], "summary": {"covered_lines": 1, "num_statements": 1, "percent_covered": 100.0, "percent_covered_display": "100", "missing_lines": 0, "excluded_lines": 0, "percent_statements_covered": 100.0, "percent_statements_covered_display": "100"}, "missing_lines": [], "excluded_lines": [], "start_line": 58}, "": {"executed_lines": [1, 3, 5, 8, 9, 12, 13, 27, 28, 42, 43, 57, 58], "summary": {"covered_lines": 13, "num_statements": 13, "percent_covered": 100.0, "percent_covered_display": "100", "missing_lines": 0, "excluded_lines": 0, "percent_statements_covered": 100.0, "percent_statements_covered_display": "100"}, "missing_lines": [], "excluded_lines": [], "start_line": 1}}, "classes": {"AdaptorError": {"executed_lines": [], "summary": {"covered_lines": 0, "num_statements": 0, "percent_covered": 100.0, "percent_covered_display": "100", "missing_lines": 0, "excluded_lines": 0, "percent_statements_covered": 100.0, "percent_statements_covered_display": "100"}, "missing_lines": [], "excluded_lines": [], "start_line": 8}, "AdaptorConnectionError": {"executed_lines": [19], "summary": {"covered_lines": 1, "num_statements": 1, "percent_covered": 100.0, "percent_covered_display": "100", "missing_lines": 0, "excluded_lines": 0, "percent_statements_covered": 100.0, "percent_statements_covered_display": "100"}, "missing_lines": [], "excluded_lines": [], "start_line": 12}, "AdaptorConnectionTimeout": {"executed_lines": [34], "summary": {"covered_lines": 1, "num_statements": 1, "percent_covered": 100.0, "percent_covered_display": "100", "missing_lines": 0, "excluded_lines": 0, "percent_statements_covered": 100.0, "percent_statements_covered_display": "100"}, "missing_lines": [], "excluded_lines": [], "start_line": 27}, "AdaptorSendFailed": {"executed_lines": [49], "summary": {"covered_lines": 1, "num_statements": 1, "percent_covered": 100.0, "percent_covered_display": "100", "missing_lines": 0, "excluded_lines": 0, "percent_statements_covered": 100.0, "percent_statements_covered_display": "100"}, "missing_lines": [], "excluded_lines": [], "start_line": 42}, "AdaptorReceiveError": {"executed_lines": [64], "summary": {"covered_lines": 1, "num_statements": 1, "percent_covered": 100.0, "percent_covered_display": "100", "missing_lines": 0, "excluded_lines": 0, "percent_statements_covered": 100.0, "percent_statements_covered_display": "100"}, "missing_lines": [], "excluded_lines": [], "start_line": 57}, "": {"executed_lines": [1, 3, 5, 8, 9, 12, 13, 27, 28, 42, 43, 57, 58], "summary": {"covered_lines": 13, "num_statements": 13, "percent_covered": 100.0, "percent_covered_display": "100", "missing_lines": 0, "excluded_lines": 0, "percent_statements_covered": 100.0, "percent_statements_covered_display": "100"}, "missing_lines": [], "excluded_lines": [], "start_line": 1}}}, "src/witty_service/adapter/http_client.py": {"executed_lines": [1, 3, 4, 7, 10, 11, 12, 13, 15, 16, 17, 18, 20, 21, 22, 23, 25, 27, 28, 29, 30, 32, 34, 35, 36, 37, 39, 41, 42, 43, 45, 49, 51, 52, 53, 54, 55, 56], "summary": {"covered_lines": 38, "num_statements": 39, "percent_covered": 97.43589743589743, "percent_covered_display": "97", "missing_lines": 1, "excluded_lines": 0, "percent_statements_covered": 97.43589743589743, "percent_statements_covered_display": "97"}, "missing_lines": [47], "excluded_lines": [], "functions": {"AdaptorHttpClient.__init__": {"executed_lines": [11, 12, 13], "summary": {"covered_lines": 3, "num_statements": 3, "percent_covered": 100.0, "percent_covered_display": "100", "missing_lines": 0, "excluded_lines": 0, "percent_statements_covered": 100.0, "percent_statements_covered_display": "100"}, "missing_lines": [], "excluded_lines": [], "start_line": 10}, "AdaptorHttpClient._get_client": {"executed_lines": [16, 17, 18], "summary": {"covered_lines": 3, "num_statements": 3, "percent_covered": 100.0, "percent_covered_display": "100", "missing_lines": 0, "excluded_lines": 0, "percent_statements_covered": 100.0, "percent_statements_covered_display": "100"}, "missing_lines": [], "excluded_lines": [], "start_line": 15}, "AdaptorHttpClient.close": {"executed_lines": [21, 22, 23], "summary": {"covered_lines": 3, "num_statements": 3, "percent_covered": 100.0, "percent_covered_display": "100", "missing_lines": 0, "excluded_lines": 0, "percent_statements_covered": 100.0, "percent_statements_covered_display": "100"}, "missing_lines": [], "excluded_lines": [], "start_line": 20}, "AdaptorHttpClient.post": {"executed_lines": [27, 28, 29, 30], "summary": {"covered_lines": 4, "num_statements": 4, "percent_covered": 100.0, "percent_covered_display": "100", "missing_lines": 0, "excluded_lines": 0, "percent_statements_covered": 100.0, "percent_statements_covered_display": "100"}, "missing_lines": [], "excluded_lines": [], "start_line": 25}, "AdaptorHttpClient.get": {"executed_lines": [34, 35, 36, 37], "summary": {"covered_lines": 4, "num_statements": 4, "percent_covered": 100.0, "percent_covered_display": "100", "missing_lines": 0, "excluded_lines": 0, "percent_statements_covered": 100.0, "percent_statements_covered_display": "100"}, "missing_lines": [], "excluded_lines": [], "start_line": 32}, "AdaptorHttpClient.delete": {"executed_lines": [41, 42, 43], "summary": {"covered_lines": 3, "num_statements": 3, "percent_covered": 100.0, "percent_covered_display": "100", "missing_lines": 0, "excluded_lines": 0, "percent_statements_covered": 100.0, "percent_statements_covered_display": "100"}, "missing_lines": [], "excluded_lines": [], "start_line": 39}, "AdaptorHttpClient.list_agents": {"executed_lines": [], "summary": {"covered_lines": 0, "num_statements": 1, "percent_covered": 0.0, "percent_covered_display": "0", "missing_lines": 1, "excluded_lines": 0, "percent_statements_covered": 0.0, "percent_statements_covered_display": "0"}, "missing_lines": [47], "excluded_lines": [], "start_line": 45}, "AdaptorHttpClient.health_check": {"executed_lines": [51, 52, 53, 54, 55, 56], "summary": {"covered_lines": 6, "num_statements": 6, "percent_covered": 100.0, "percent_covered_display": "100", "missing_lines": 0, "excluded_lines": 0, "percent_statements_covered": 100.0, "percent_statements_covered_display": "100"}, "missing_lines": [], "excluded_lines": [], "start_line": 49}, "": {"executed_lines": [1, 3, 4, 7, 10, 15, 20, 25, 32, 39, 45, 49], "summary": {"covered_lines": 12, "num_statements": 12, "percent_covered": 100.0, "percent_covered_display": "100", "missing_lines": 0, "excluded_lines": 0, "percent_statements_covered": 100.0, "percent_statements_covered_display": "100"}, "missing_lines": [], "excluded_lines": [], "start_line": 1}}, "classes": {"AdaptorHttpClient": {"executed_lines": [11, 12, 13, 16, 17, 18, 21, 22, 23, 27, 28, 29, 30, 34, 35, 36, 37, 41, 42, 43, 51, 52, 53, 54, 55, 56], "summary": {"covered_lines": 26, "num_statements": 27, "percent_covered": 96.29629629629629, "percent_covered_display": "96", "missing_lines": 1, "excluded_lines": 0, "percent_statements_covered": 96.29629629629629, "percent_statements_covered_display": "96"}, "missing_lines": [47], "excluded_lines": [], "start_line": 7}, "": {"executed_lines": [1, 3, 4, 7, 10, 15, 20, 25, 32, 39, 45, 49], "summary": {"covered_lines": 12, "num_statements": 12, "percent_covered": 100.0, "percent_covered_display": "100", "missing_lines": 0, "excluded_lines": 0, "percent_statements_covered": 100.0, "percent_statements_covered_display": "100"}, "missing_lines": [], "excluded_lines": [], "start_line": 1}}}, "src/witty_service/adapter/schemas.py": {"executed_lines": [], "summary": {"covered_lines": 0, "num_statements": 17, "percent_covered": 0.0, "percent_covered_display": "0", "missing_lines": 17, "excluded_lines": 0, "percent_statements_covered": 0.0, "percent_statements_covered_display": "0"}, "missing_lines": [1, 3, 6, 7, 8, 9, 10, 13, 14, 15, 16, 19, 20, 21, 24, 25, 26], "excluded_lines": [], "functions": {"": {"executed_lines": [], "summary": {"covered_lines": 0, "num_statements": 17, "percent_covered": 0.0, "percent_covered_display": "0", "missing_lines": 17, "excluded_lines": 0, "percent_statements_covered": 0.0, "percent_statements_covered_display": "0"}, "missing_lines": [1, 3, 6, 7, 8, 9, 10, 13, 14, 15, 16, 19, 20, 21, 24, 25, 26], "excluded_lines": [], "start_line": 1}}, "classes": {"AgentStartResponse": {"executed_lines": [], "summary": {"covered_lines": 0, "num_statements": 0, "percent_covered": 100.0, "percent_covered_display": "100", "missing_lines": 0, "excluded_lines": 0, "percent_statements_covered": 100.0, "percent_statements_covered_display": "100"}, "missing_lines": [], "excluded_lines": [], "start_line": 6}, "AgentStopResponse": {"executed_lines": [], "summary": {"covered_lines": 0, "num_statements": 0, "percent_covered": 100.0, "percent_covered_display": "100", "missing_lines": 0, "excluded_lines": 0, "percent_statements_covered": 100.0, "percent_statements_covered_display": "100"}, "missing_lines": [], "excluded_lines": [], "start_line": 13}, "AgentStatusResponse": {"executed_lines": [], "summary": {"covered_lines": 0, "num_statements": 0, "percent_covered": 100.0, "percent_covered_display": "100", "missing_lines": 0, "excluded_lines": 0, "percent_statements_covered": 100.0, "percent_statements_covered_display": "100"}, "missing_lines": [], "excluded_lines": [], "start_line": 19}, "SessionCreateResponse": {"executed_lines": [], "summary": {"covered_lines": 0, "num_statements": 0, "percent_covered": 100.0, "percent_covered_display": "100", "missing_lines": 0, "excluded_lines": 0, "percent_statements_covered": 100.0, "percent_statements_covered_display": "100"}, "missing_lines": [], "excluded_lines": [], "start_line": 24}, "": {"executed_lines": [], "summary": {"covered_lines": 0, "num_statements": 17, "percent_covered": 0.0, "percent_covered_display": "0", "missing_lines": 17, "excluded_lines": 0, "percent_statements_covered": 0.0, "percent_statements_covered_display": "0"}, "missing_lines": [1, 3, 6, 7, 8, 9, 10, 13, 14, 15, 16, 19, 20, 21, 24, 25, 26], "excluded_lines": [], "start_line": 1}}}, "src/witty_service/adapter/websocket_client.py": {"executed_lines": [1, 3, 4, 5, 7, 9, 15, 17, 20, 21, 22, 23, 24, 25, 26, 27, 28, 31, 32, 33, 34, 35, 36, 37, 39, 40, 41, 43, 44, 46, 47, 48, 49, 50, 51, 52, 53, 54, 62, 70, 71, 78, 79, 88, 89, 96, 97, 98, 99, 100, 102, 112, 120, 121, 122, 123, 127, 142, 143, 152], "summary": {"covered_lines": 60, "num_statements": 91, "percent_covered": 65.93406593406593, "percent_covered_display": "66", "missing_lines": 31, "excluded_lines": 0, "percent_statements_covered": 65.93406593406593, "percent_statements_covered_display": "66"}, "missing_lines": [55, 56, 57, 63, 64, 65, 66, 67, 68, 72, 73, 74, 80, 81, 82, 83, 90, 91, 92, 103, 128, 129, 130, 131, 132, 133, 144, 145, 146, 147, 153], "excluded_lines": [], "functions": {"_log_prefix": {"executed_lines": [21, 22, 23, 24, 25, 26, 27, 28], "summary": {"covered_lines": 8, "num_statements": 8, "percent_covered": 100.0, "percent_covered_display": "100", "missing_lines": 0, "excluded_lines": 0, "percent_statements_covered": 100.0, "percent_statements_covered_display": "100"}, "missing_lines": [], "excluded_lines": [], "start_line": 20}, "WebSocketClient.__init__": {"executed_lines": [33, 34, 35, 36, 37], "summary": {"covered_lines": 5, "num_statements": 5, "percent_covered": 100.0, "percent_covered_display": "100", "missing_lines": 0, "excluded_lines": 0, "percent_statements_covered": 100.0, "percent_statements_covered_display": "100"}, "missing_lines": [], "excluded_lines": [], "start_line": 32}, "WebSocketClient.is_connected": {"executed_lines": [41], "summary": {"covered_lines": 1, "num_statements": 1, "percent_covered": 100.0, "percent_covered_display": "100", "missing_lines": 0, "excluded_lines": 0, "percent_statements_covered": 100.0, "percent_statements_covered_display": "100"}, "missing_lines": [], "excluded_lines": [], "start_line": 40}, "WebSocketClient._build_url": {"executed_lines": [44], "summary": {"covered_lines": 1, "num_statements": 1, "percent_covered": 100.0, "percent_covered_display": "100", "missing_lines": 0, "excluded_lines": 0, "percent_statements_covered": 100.0, "percent_statements_covered_display": "100"}, "missing_lines": [], "excluded_lines": [], "start_line": 43}, "WebSocketClient.connect": {"executed_lines": [47, 48, 49, 50, 51, 52, 53, 54], "summary": {"covered_lines": 8, "num_statements": 11, "percent_covered": 72.72727272727273, "percent_covered_display": "73", "missing_lines": 3, "excluded_lines": 0, "percent_statements_covered": 72.72727272727273, "percent_statements_covered_display": "73"}, "missing_lines": [55, 56, 57], "excluded_lines": [], "start_line": 46}, "WebSocketClient.disconnect": {"executed_lines": [], "summary": {"covered_lines": 0, "num_statements": 6, "percent_covered": 0.0, "percent_covered_display": "0", "missing_lines": 6, "excluded_lines": 0, "percent_statements_covered": 0.0, "percent_statements_covered_display": "0"}, "missing_lines": [63, 64, 65, 66, 67, 68], "excluded_lines": [], "start_line": 62}, "WebSocketClient.send": {"executed_lines": [71, 78, 79], "summary": {"covered_lines": 3, "num_statements": 10, "percent_covered": 30.0, "percent_covered_display": "30", "missing_lines": 7, "excluded_lines": 0, "percent_statements_covered": 30.0, "percent_statements_covered_display": "30"}, "missing_lines": [72, 73, 74, 80, 81, 82, 83], "excluded_lines": [], "start_line": 70}, "WebSocketClient.recv": {"executed_lines": [89, 96, 97, 98, 99, 100, 102, 112, 120, 121, 122, 123, 127, 142, 143], "summary": {"covered_lines": 15, "num_statements": 29, "percent_covered": 51.724137931034484, "percent_covered_display": "52", "missing_lines": 14, "excluded_lines": 0, "percent_statements_covered": 51.724137931034484, "percent_statements_covered_display": "52"}, "missing_lines": [90, 91, 92, 103, 128, 129, 130, 131, 132, 133, 144, 145, 146, 147], "excluded_lines": [], "start_line": 88}, "WebSocketClient.close": {"executed_lines": [], "summary": {"covered_lines": 0, "num_statements": 1, "percent_covered": 0.0, "percent_covered_display": "0", "missing_lines": 1, "excluded_lines": 0, "percent_statements_covered": 0.0, "percent_statements_covered_display": "0"}, "missing_lines": [153], "excluded_lines": [], "start_line": 152}, "": {"executed_lines": [1, 3, 4, 5, 7, 9, 15, 17, 20, 31, 32, 39, 40, 43, 46, 62, 70, 88, 152], "summary": {"covered_lines": 19, "num_statements": 19, "percent_covered": 100.0, "percent_covered_display": "100", "missing_lines": 0, "excluded_lines": 0, "percent_statements_covered": 100.0, "percent_statements_covered_display": "100"}, "missing_lines": [], "excluded_lines": [], "start_line": 1}}, "classes": {"WebSocketClient": {"executed_lines": [33, 34, 35, 36, 37, 41, 44, 47, 48, 49, 50, 51, 52, 53, 54, 71, 78, 79, 89, 96, 97, 98, 99, 100, 102, 112, 120, 121, 122, 123, 127, 142, 143], "summary": {"covered_lines": 33, "num_statements": 64, "percent_covered": 51.5625, "percent_covered_display": "52", "missing_lines": 31, "excluded_lines": 0, "percent_statements_covered": 51.5625, "percent_statements_covered_display": "52"}, "missing_lines": [55, 56, 57, 63, 64, 65, 66, 67, 68, 72, 73, 74, 80, 81, 82, 83, 90, 91, 92, 103, 128, 129, 130, 131, 132, 133, 144, 145, 146, 147, 153], "excluded_lines": [], "start_line": 31}, "": {"executed_lines": [1, 3, 4, 5, 7, 9, 15, 17, 20, 21, 22, 23, 24, 25, 26, 27, 28, 31, 32, 39, 40, 43, 46, 62, 70, 88, 152], "summary": {"covered_lines": 27, "num_statements": 27, "percent_covered": 100.0, "percent_covered_display": "100", "missing_lines": 0, "excluded_lines": 0, "percent_statements_covered": 100.0, "percent_statements_covered_display": "100"}, "missing_lines": [], "excluded_lines": [], "start_line": 1}}}, "src/witty_service/adapter/websocket_client_pool.py": {"executed_lines": [1, 3, 4, 6, 8, 9, 10, 11, 12, 14, 15, 16, 18, 24, 25, 26, 27, 29, 30, 31, 34, 35, 37, 38, 39, 40], "summary": {"covered_lines": 26, "num_statements": 27, "percent_covered": 96.29629629629629, "percent_covered_display": "96", "missing_lines": 1, "excluded_lines": 0, "percent_statements_covered": 96.29629629629629, "percent_statements_covered_display": "96"}, "missing_lines": [33], "excluded_lines": [], "functions": {"WebSocketClientPool.__init__": {"executed_lines": [16], "summary": {"covered_lines": 1, "num_statements": 1, "percent_covered": 100.0, "percent_covered_display": "100", "missing_lines": 0, "excluded_lines": 0, "percent_statements_covered": 100.0, "percent_statements_covered_display": "100"}, "missing_lines": [], "excluded_lines": [], "start_line": 15}, "WebSocketClientPool.get_client": {"executed_lines": [24, 25, 26, 27], "summary": {"covered_lines": 4, "num_statements": 4, "percent_covered": 100.0, "percent_covered_display": "100", "missing_lines": 0, "excluded_lines": 0, "percent_statements_covered": 100.0, "percent_statements_covered_display": "100"}, "missing_lines": [], "excluded_lines": [], "start_line": 18}, "WebSocketClientPool.remove_client": {"executed_lines": [30, 31, 34, 35], "summary": {"covered_lines": 4, "num_statements": 5, "percent_covered": 80.0, "percent_covered_display": "80", "missing_lines": 1, "excluded_lines": 0, "percent_statements_covered": 80.0, "percent_statements_covered_display": "80"}, "missing_lines": [33], "excluded_lines": [], "start_line": 29}, "WebSocketClientPool.close_all": {"executed_lines": [38, 39, 40], "summary": {"covered_lines": 3, "num_statements": 3, "percent_covered": 100.0, "percent_covered_display": "100", "missing_lines": 0, "excluded_lines": 0, "percent_statements_covered": 100.0, "percent_statements_covered_display": "100"}, "missing_lines": [], "excluded_lines": [], "start_line": 37}, "": {"executed_lines": [1, 3, 4, 6, 8, 9, 10, 11, 12, 14, 15, 18, 29, 37], "summary": {"covered_lines": 14, "num_statements": 14, "percent_covered": 100.0, "percent_covered_display": "100", "missing_lines": 0, "excluded_lines": 0, "percent_statements_covered": 100.0, "percent_statements_covered_display": "100"}, "missing_lines": [], "excluded_lines": [], "start_line": 1}}, "classes": {"AdaptorEndpoint": {"executed_lines": [], "summary": {"covered_lines": 0, "num_statements": 0, "percent_covered": 100.0, "percent_covered_display": "100", "missing_lines": 0, "excluded_lines": 0, "percent_statements_covered": 100.0, "percent_statements_covered_display": "100"}, "missing_lines": [], "excluded_lines": [], "start_line": 9}, "WebSocketClientPool": {"executed_lines": [16, 24, 25, 26, 27, 30, 31, 34, 35, 38, 39, 40], "summary": {"covered_lines": 12, "num_statements": 13, "percent_covered": 92.3076923076923, "percent_covered_display": "92", "missing_lines": 1, "excluded_lines": 0, "percent_statements_covered": 92.3076923076923, "percent_statements_covered_display": "92"}, "missing_lines": [33], "excluded_lines": [], "start_line": 14}, "": {"executed_lines": [1, 3, 4, 6, 8, 9, 10, 11, 12, 14, 15, 18, 29, 37], "summary": {"covered_lines": 14, "num_statements": 14, "percent_covered": 100.0, "percent_covered_display": "100", "missing_lines": 0, "excluded_lines": 0, "percent_statements_covered": 100.0, "percent_statements_covered_display": "100"}, "missing_lines": [], "excluded_lines": [], "start_line": 1}}}, "src/witty_service/adapter/websocket_protocol.py": {"executed_lines": [1, 3, 5, 7, 8, 9, 10, 11, 12, 14, 16, 17], "summary": {"covered_lines": 12, "num_statements": 12, "percent_covered": 100.0, "percent_covered_display": "100", "missing_lines": 0, "excluded_lines": 0, "percent_statements_covered": 100.0, "percent_statements_covered_display": "100"}, "missing_lines": [], "excluded_lines": [], "functions": {"": {"executed_lines": [1, 3, 5, 7, 8, 9, 10, 11, 12, 14, 16, 17], "summary": {"covered_lines": 12, "num_statements": 12, "percent_covered": 100.0, "percent_covered_display": "100", "missing_lines": 0, "excluded_lines": 0, "percent_statements_covered": 100.0, "percent_statements_covered_display": "100"}, "missing_lines": [], "excluded_lines": [], "start_line": 1}}, "classes": {"InboundEvent": {"executed_lines": [], "summary": {"covered_lines": 0, "num_statements": 0, "percent_covered": 100.0, "percent_covered_display": "100", "missing_lines": 0, "excluded_lines": 0, "percent_statements_covered": 100.0, "percent_statements_covered_display": "100"}, "missing_lines": [], "excluded_lines": [], "start_line": 5}, "OutboundMessage": {"executed_lines": [], "summary": {"covered_lines": 0, "num_statements": 0, "percent_covered": 100.0, "percent_covered_display": "100", "missing_lines": 0, "excluded_lines": 0, "percent_statements_covered": 100.0, "percent_statements_covered_display": "100"}, "missing_lines": [], "excluded_lines": [], "start_line": 14}, "": {"executed_lines": [1, 3, 5, 7, 8, 9, 10, 11, 12, 14, 16, 17], "summary": {"covered_lines": 12, "num_statements": 12, "percent_covered": 100.0, "percent_covered_display": "100", "missing_lines": 0, "excluded_lines": 0, "percent_statements_covered": 100.0, "percent_statements_covered_display": "100"}, "missing_lines": [], "excluded_lines": [], "start_line": 1}}}, "src/witty_service/api/__init__.py": {"executed_lines": [1, 2, 4], "summary": {"covered_lines": 3, "num_statements": 3, "percent_covered": 100.0, "percent_covered_display": "100", "missing_lines": 0, "excluded_lines": 0, "percent_statements_covered": 100.0, "percent_statements_covered_display": "100"}, "missing_lines": [], "excluded_lines": [], "functions": {"": {"executed_lines": [1, 2, 4], "summary": {"covered_lines": 3, "num_statements": 3, "percent_covered": 100.0, "percent_covered_display": "100", "missing_lines": 0, "excluded_lines": 0, "percent_statements_covered": 100.0, "percent_statements_covered_display": "100"}, "missing_lines": [], "excluded_lines": [], "start_line": 1}}, "classes": {"": {"executed_lines": [1, 2, 4], "summary": {"covered_lines": 3, "num_statements": 3, "percent_covered": 100.0, "percent_covered_display": "100", "missing_lines": 0, "excluded_lines": 0, "percent_statements_covered": 100.0, "percent_statements_covered_display": "100"}, "missing_lines": [], "excluded_lines": [], "start_line": 1}}}, "src/witty_service/api/agents.py": {"executed_lines": [1, 3, 4, 5, 6, 8, 9, 11, 12, 29, 30, 31, 33, 34, 35, 36, 37, 39, 40, 43, 44, 47, 48, 77, 78, 108, 109, 174, 175, 207, 208, 214, 215, 223, 224, 248, 249, 272, 273, 282, 283, 292, 293, 303, 308, 318, 319, 330, 331, 350, 351, 362, 366, 376, 380, 386, 387, 388, 391, 395, 401, 402, 407, 410, 414, 428, 429, 434, 435, 436, 437, 443, 444, 446, 447, 452, 464, 465, 488, 491, 492, 497, 498, 499, 509, 510, 515, 516, 517, 518, 519, 525, 526, 529, 530, 535, 539, 540, 546, 547, 548, 550, 551, 558, 559, 574, 577, 603, 604, 618, 619, 621, 622, 623, 626, 627, 630, 631, 638, 641, 642, 645, 648, 649, 650, 654, 655, 712, 713], "summary": {"covered_lines": 129, "num_statements": 279, "percent_covered": 46.236559139784944, "percent_covered_display": "46", "missing_lines": 150, "excluded_lines": 0, "percent_statements_covered": 46.236559139784944, "percent_statements_covered_display": "46"}, "missing_lines": [52, 53, 68, 69, 70, 71, 72, 74, 83, 87, 99, 100, 101, 102, 103, 105, 117, 118, 119, 120, 121, 122, 124, 125, 126, 127, 128, 130, 131, 133, 138, 144, 146, 147, 148, 149, 152, 154, 155, 158, 159, 160, 161, 162, 164, 171, 177, 180, 182, 184, 185, 186, 188, 189, 194, 195, 198, 199, 200, 201, 202, 204, 209, 210, 211, 219, 220, 231, 232, 235, 255, 256, 261, 275, 276, 277, 278, 279, 285, 286, 287, 288, 289, 298, 299, 300, 313, 314, 315, 325, 326, 327, 339, 340, 347, 357, 358, 359, 372, 373, 419, 420, 424, 476, 477, 505, 506, 563, 564, 583, 624, 628, 633, 634, 635, 636, 651, 661, 662, 663, 669, 670, 671, 677, 678, 684, 687, 688, 696, 698, 699, 700, 701, 703, 719, 720, 721, 727, 728, 729, 735, 736, 742, 745, 746, 753, 755, 756, 757, 759], "excluded_lines": [], "functions": {"get_services": {"executed_lines": [44], "summary": {"covered_lines": 1, "num_statements": 1, "percent_covered": 100.0, "percent_covered_display": "100", "missing_lines": 0, "excluded_lines": 0, "percent_statements_covered": 100.0, "percent_statements_covered_display": "100"}, "missing_lines": [], "excluded_lines": [], "start_line": 43}, "create_agent": {"executed_lines": [], "summary": {"covered_lines": 0, "num_statements": 8, "percent_covered": 0.0, "percent_covered_display": "0", "missing_lines": 8, "excluded_lines": 0, "percent_statements_covered": 0.0, "percent_statements_covered_display": "0"}, "missing_lines": [52, 53, 68, 69, 70, 71, 72, 74], "excluded_lines": [], "start_line": 48}, "create_agent_from_agenthub": {"executed_lines": [], "summary": {"covered_lines": 0, "num_statements": 8, "percent_covered": 0.0, "percent_covered_display": "0", "missing_lines": 8, "excluded_lines": 0, "percent_statements_covered": 0.0, "percent_statements_covered_display": "0"}, "missing_lines": [83, 87, 99, 100, 101, 102, 103, 105], "excluded_lines": [], "start_line": 78}, "list_agents": {"executed_lines": [], "summary": {"covered_lines": 0, "num_statements": 30, "percent_covered": 0.0, "percent_covered_display": "0", "missing_lines": 30, "excluded_lines": 0, "percent_statements_covered": 0.0, "percent_statements_covered_display": "0"}, "missing_lines": [117, 118, 119, 120, 121, 122, 124, 125, 126, 127, 128, 130, 131, 133, 138, 144, 146, 147, 148, 149, 152, 154, 155, 158, 159, 160, 161, 162, 164, 171], "excluded_lines": [], "start_line": 109}, "get_agent": {"executed_lines": [], "summary": {"covered_lines": 0, "num_statements": 16, "percent_covered": 0.0, "percent_covered_display": "0", "missing_lines": 16, "excluded_lines": 0, "percent_statements_covered": 0.0, "percent_statements_covered_display": "0"}, "missing_lines": [177, 180, 182, 184, 185, 186, 188, 189, 194, 195, 198, 199, 200, 201, 202, 204], "excluded_lines": [], "start_line": 175}, "delete_agent": {"executed_lines": [], "summary": {"covered_lines": 0, "num_statements": 3, "percent_covered": 0.0, "percent_covered_display": "0", "missing_lines": 3, "excluded_lines": 0, "percent_statements_covered": 0.0, "percent_statements_covered_display": "0"}, "missing_lines": [209, 210, 211], "excluded_lines": [], "start_line": 208}, "list_conversations": {"executed_lines": [], "summary": {"covered_lines": 0, "num_statements": 2, "percent_covered": 0.0, "percent_covered_display": "0", "missing_lines": 2, "excluded_lines": 0, "percent_statements_covered": 0.0, "percent_statements_covered_display": "0"}, "missing_lines": [219, 220], "excluded_lines": [], "start_line": 215}, "get_conversation": {"executed_lines": [], "summary": {"covered_lines": 0, "num_statements": 3, "percent_covered": 0.0, "percent_covered_display": "0", "missing_lines": 3, "excluded_lines": 0, "percent_statements_covered": 0.0, "percent_statements_covered_display": "0"}, "missing_lines": [231, 232, 235], "excluded_lines": [], "start_line": 224}, "update_conversation": {"executed_lines": [], "summary": {"covered_lines": 0, "num_statements": 3, "percent_covered": 0.0, "percent_covered_display": "0", "missing_lines": 3, "excluded_lines": 0, "percent_statements_covered": 0.0, "percent_statements_covered_display": "0"}, "missing_lines": [255, 256, 261], "excluded_lines": [], "start_line": 249}, "pause_agent": {"executed_lines": [], "summary": {"covered_lines": 0, "num_statements": 5, "percent_covered": 0.0, "percent_covered_display": "0", "missing_lines": 5, "excluded_lines": 0, "percent_statements_covered": 0.0, "percent_statements_covered_display": "0"}, "missing_lines": [275, 276, 277, 278, 279], "excluded_lines": [], "start_line": 273}, "resume_agent": {"executed_lines": [], "summary": {"covered_lines": 0, "num_statements": 5, "percent_covered": 0.0, "percent_covered_display": "0", "missing_lines": 5, "excluded_lines": 0, "percent_statements_covered": 0.0, "percent_statements_covered_display": "0"}, "missing_lines": [285, 286, 287, 288, 289], "excluded_lines": [], "start_line": 283}, "list_sessions": {"executed_lines": [], "summary": {"covered_lines": 0, "num_statements": 3, "percent_covered": 0.0, "percent_covered_display": "0", "missing_lines": 3, "excluded_lines": 0, "percent_statements_covered": 0.0, "percent_statements_covered_display": "0"}, "missing_lines": [298, 299, 300], "excluded_lines": [], "start_line": 293}, "create_session": {"executed_lines": [], "summary": {"covered_lines": 0, "num_statements": 3, "percent_covered": 0.0, "percent_covered_display": "0", "missing_lines": 3, "excluded_lines": 0, "percent_statements_covered": 0.0, "percent_statements_covered_display": "0"}, "missing_lines": [313, 314, 315], "excluded_lines": [], "start_line": 308}, "get_session": {"executed_lines": [], "summary": {"covered_lines": 0, "num_statements": 3, "percent_covered": 0.0, "percent_covered_display": "0", "missing_lines": 3, "excluded_lines": 0, "percent_statements_covered": 0.0, "percent_statements_covered_display": "0"}, "missing_lines": [325, 326, 327], "excluded_lines": [], "start_line": 319}, "get_session_events": {"executed_lines": [], "summary": {"covered_lines": 0, "num_statements": 3, "percent_covered": 0.0, "percent_covered_display": "0", "missing_lines": 3, "excluded_lines": 0, "percent_statements_covered": 0.0, "percent_statements_covered_display": "0"}, "missing_lines": [339, 340, 347], "excluded_lines": [], "start_line": 331}, "delete_session": {"executed_lines": [], "summary": {"covered_lines": 0, "num_statements": 3, "percent_covered": 0.0, "percent_covered_display": "0", "missing_lines": 3, "excluded_lines": 0, "percent_statements_covered": 0.0, "percent_statements_covered_display": "0"}, "missing_lines": [357, 358, 359], "excluded_lines": [], "start_line": 351}, "abort_session": {"executed_lines": [], "summary": {"covered_lines": 0, "num_statements": 2, "percent_covered": 0.0, "percent_covered_display": "0", "missing_lines": 2, "excluded_lines": 0, "percent_statements_covered": 0.0, "percent_statements_covered_display": "0"}, "missing_lines": [372, 373], "excluded_lines": [], "start_line": 366}, "send_message": {"executed_lines": [386, 387, 388], "summary": {"covered_lines": 3, "num_statements": 3, "percent_covered": 100.0, "percent_covered_display": "100", "missing_lines": 0, "excluded_lines": 0, "percent_statements_covered": 100.0, "percent_statements_covered_display": "100"}, "missing_lines": [], "excluded_lines": [], "start_line": 380}, "send_message_stream": {"executed_lines": [401, 402, 407], "summary": {"covered_lines": 3, "num_statements": 3, "percent_covered": 100.0, "percent_covered_display": "100", "missing_lines": 0, "excluded_lines": 0, "percent_statements_covered": 100.0, "percent_statements_covered_display": "100"}, "missing_lines": [], "excluded_lines": [], "start_line": 395}, "reconnect_message_stream": {"executed_lines": [], "summary": {"covered_lines": 0, "num_statements": 3, "percent_covered": 0.0, "percent_covered_display": "0", "missing_lines": 3, "excluded_lines": 0, "percent_statements_covered": 0.0, "percent_statements_covered_display": "0"}, "missing_lines": [419, 420, 424], "excluded_lines": [], "start_line": 414}, "install_agent_skill": {"executed_lines": [434, 435, 436, 437, 443, 444, 446, 447, 452, 464, 465, 488], "summary": {"covered_lines": 12, "num_statements": 14, "percent_covered": 85.71428571428571, "percent_covered_display": "86", "missing_lines": 2, "excluded_lines": 0, "percent_statements_covered": 85.71428571428571, "percent_statements_covered_display": "86"}, "missing_lines": [476, 477], "excluded_lines": [], "start_line": 429}, "list_installed_agent_skills": {"executed_lines": [497, 498, 499], "summary": {"covered_lines": 3, "num_statements": 5, "percent_covered": 60.0, "percent_covered_display": "60", "missing_lines": 2, "excluded_lines": 0, "percent_statements_covered": 60.0, "percent_statements_covered_display": "60"}, "missing_lines": [505, 506], "excluded_lines": [], "start_line": 492}, "sync_installed_agent_skills": {"executed_lines": [515, 516, 517, 518, 519, 525, 526], "summary": {"covered_lines": 7, "num_statements": 7, "percent_covered": 100.0, "percent_covered_display": "100", "missing_lines": 0, "excluded_lines": 0, "percent_statements_covered": 100.0, "percent_statements_covered_display": "100"}, "missing_lines": [], "excluded_lines": [], "start_line": 510}, "uninstall_agent_skill": {"executed_lines": [535, 539, 540, 546, 547, 548, 550, 551, 558, 559, 574], "summary": {"covered_lines": 11, "num_statements": 13, "percent_covered": 84.61538461538461, "percent_covered_display": "85", "missing_lines": 2, "excluded_lines": 0, "percent_statements_covered": 84.61538461538461, "percent_statements_covered_display": "85"}, "missing_lines": [563, 564], "excluded_lines": [], "start_line": 530}, "_to_agent_response": {"executed_lines": [], "summary": {"covered_lines": 0, "num_statements": 1, "percent_covered": 0.0, "percent_covered_display": "0", "missing_lines": 1, "excluded_lines": 0, "percent_statements_covered": 0.0, "percent_statements_covered_display": "0"}, "missing_lines": [583], "excluded_lines": [], "start_line": 577}, "_to_agent_skill_response": {"executed_lines": [604], "summary": {"covered_lines": 1, "num_statements": 1, "percent_covered": 100.0, "percent_covered_display": "100", "missing_lines": 0, "excluded_lines": 0, "percent_statements_covered": 100.0, "percent_statements_covered_display": "100"}, "missing_lines": [], "excluded_lines": [], "start_line": 603}, "_build_sse_streaming_response": {"executed_lines": [619, 621, 638], "summary": {"covered_lines": 3, "num_statements": 3, "percent_covered": 100.0, "percent_covered_display": "100", "missing_lines": 0, "excluded_lines": 0, "percent_statements_covered": 100.0, "percent_statements_covered_display": "100"}, "missing_lines": [], "excluded_lines": [], "start_line": 618}, "_build_sse_streaming_response.stream": {"executed_lines": [622, 623, 626, 627, 630, 631], "summary": {"covered_lines": 6, "num_statements": 12, "percent_covered": 50.0, "percent_covered_display": "50", "missing_lines": 6, "excluded_lines": 0, "percent_statements_covered": 50.0, "percent_statements_covered_display": "50"}, "missing_lines": [624, 628, 633, 634, 635, 636], "excluded_lines": [], "start_line": 621}, "_format_sse_data": {"executed_lines": [642], "summary": {"covered_lines": 1, "num_statements": 1, "percent_covered": 100.0, "percent_covered_display": "100", "missing_lines": 0, "excluded_lines": 0, "percent_statements_covered": 100.0, "percent_statements_covered_display": "100"}, "missing_lines": [], "excluded_lines": [], "start_line": 641}, "_prefetch_first_event": {"executed_lines": [648, 649, 650], "summary": {"covered_lines": 3, "num_statements": 4, "percent_covered": 75.0, "percent_covered_display": "75", "missing_lines": 1, "excluded_lines": 0, "percent_statements_covered": 75.0, "percent_statements_covered_display": "75"}, "missing_lines": [651], "excluded_lines": [], "start_line": 645}, "enable_mcp_server": {"executed_lines": [], "summary": {"covered_lines": 0, "num_statements": 17, "percent_covered": 0.0, "percent_covered_display": "0", "missing_lines": 17, "excluded_lines": 0, "percent_statements_covered": 0.0, "percent_statements_covered_display": "0"}, "missing_lines": [661, 662, 663, 669, 670, 671, 677, 678, 684, 687, 688, 696, 698, 699, 700, 701, 703], "excluded_lines": [], "start_line": 655}, "disable_mcp_server": {"executed_lines": [], "summary": {"covered_lines": 0, "num_statements": 16, "percent_covered": 0.0, "percent_covered_display": "0", "missing_lines": 16, "excluded_lines": 0, "percent_statements_covered": 0.0, "percent_statements_covered_display": "0"}, "missing_lines": [719, 720, 721, 727, 728, 729, 735, 736, 742, 745, 746, 753, 755, 756, 757, 759], "excluded_lines": [], "start_line": 713}, "": {"executed_lines": [1, 3, 4, 5, 6, 8, 9, 11, 12, 29, 30, 31, 33, 34, 35, 36, 37, 39, 40, 43, 47, 48, 77, 78, 108, 109, 174, 175, 207, 208, 214, 215, 223, 224, 248, 249, 272, 273, 282, 283, 292, 293, 303, 308, 318, 319, 330, 331, 350, 351, 362, 366, 376, 380, 391, 395, 410, 414, 428, 429, 491, 492, 509, 510, 529, 530, 577, 603, 618, 641, 645, 654, 655, 712, 713], "summary": {"covered_lines": 75, "num_statements": 75, "percent_covered": 100.0, "percent_covered_display": "100", "missing_lines": 0, "excluded_lines": 0, "percent_statements_covered": 100.0, "percent_statements_covered_display": "100"}, "missing_lines": [], "excluded_lines": [], "start_line": 1}}, "classes": {"": {"executed_lines": [1, 3, 4, 5, 6, 8, 9, 11, 12, 29, 30, 31, 33, 34, 35, 36, 37, 39, 40, 43, 44, 47, 48, 77, 78, 108, 109, 174, 175, 207, 208, 214, 215, 223, 224, 248, 249, 272, 273, 282, 283, 292, 293, 303, 308, 318, 319, 330, 331, 350, 351, 362, 366, 376, 380, 386, 387, 388, 391, 395, 401, 402, 407, 410, 414, 428, 429, 434, 435, 436, 437, 443, 444, 446, 447, 452, 464, 465, 488, 491, 492, 497, 498, 499, 509, 510, 515, 516, 517, 518, 519, 525, 526, 529, 530, 535, 539, 540, 546, 547, 548, 550, 551, 558, 559, 574, 577, 603, 604, 618, 619, 621, 622, 623, 626, 627, 630, 631, 638, 641, 642, 645, 648, 649, 650, 654, 655, 712, 713], "summary": {"covered_lines": 129, "num_statements": 279, "percent_covered": 46.236559139784944, "percent_covered_display": "46", "missing_lines": 150, "excluded_lines": 0, "percent_statements_covered": 46.236559139784944, "percent_statements_covered_display": "46"}, "missing_lines": [52, 53, 68, 69, 70, 71, 72, 74, 83, 87, 99, 100, 101, 102, 103, 105, 117, 118, 119, 120, 121, 122, 124, 125, 126, 127, 128, 130, 131, 133, 138, 144, 146, 147, 148, 149, 152, 154, 155, 158, 159, 160, 161, 162, 164, 171, 177, 180, 182, 184, 185, 186, 188, 189, 194, 195, 198, 199, 200, 201, 202, 204, 209, 210, 211, 219, 220, 231, 232, 235, 255, 256, 261, 275, 276, 277, 278, 279, 285, 286, 287, 288, 289, 298, 299, 300, 313, 314, 315, 325, 326, 327, 339, 340, 347, 357, 358, 359, 372, 373, 419, 420, 424, 476, 477, 505, 506, 563, 564, 583, 624, 628, 633, 634, 635, 636, 651, 661, 662, 663, 669, 670, 671, 677, 678, 684, 687, 688, 696, 698, 699, 700, 701, 703, 719, 720, 721, 727, 728, 729, 735, 736, 742, 745, 746, 753, 755, 756, 757, 759], "excluded_lines": [], "start_line": 1}}}, "src/witty_service/api/auth.py": {"executed_lines": [1, 3, 6, 8, 9, 11, 12, 14, 15, 21, 22, 23, 29, 30], "summary": {"covered_lines": 14, "num_statements": 14, "percent_covered": 100.0, "percent_covered_display": "100", "missing_lines": 0, "excluded_lines": 0, "percent_statements_covered": 100.0, "percent_statements_covered_display": "100"}, "missing_lines": [], "excluded_lines": [], "functions": {"require_bearer_auth": {"executed_lines": [8, 9, 11, 12, 14, 15, 21, 22, 23, 29, 30], "summary": {"covered_lines": 11, "num_statements": 11, "percent_covered": 100.0, "percent_covered_display": "100", "missing_lines": 0, "excluded_lines": 0, "percent_statements_covered": 100.0, "percent_statements_covered_display": "100"}, "missing_lines": [], "excluded_lines": [], "start_line": 6}, "": {"executed_lines": [1, 3, 6], "summary": {"covered_lines": 3, "num_statements": 3, "percent_covered": 100.0, "percent_covered_display": "100", "missing_lines": 0, "excluded_lines": 0, "percent_statements_covered": 100.0, "percent_statements_covered_display": "100"}, "missing_lines": [], "excluded_lines": [], "start_line": 1}}, "classes": {"": {"executed_lines": [1, 3, 6, 8, 9, 11, 12, 14, 15, 21, 22, 23, 29, 30], "summary": {"covered_lines": 14, "num_statements": 14, "percent_covered": 100.0, "percent_covered_display": "100", "missing_lines": 0, "excluded_lines": 0, "percent_statements_covered": 100.0, "percent_statements_covered_display": "100"}, "missing_lines": [], "excluded_lines": [], "start_line": 1}}}, "src/witty_service/api/backport.py": {"executed_lines": [1, 3, 4, 5, 6, 8, 10, 11, 18, 19, 21, 23, 30, 34, 40, 41, 44, 47, 48, 52, 53, 56, 57, 61, 64, 65, 69, 70, 72, 73, 74, 76, 77, 78, 79, 88, 89, 91, 92, 93, 95, 96, 97, 98, 99, 100, 101, 102, 110, 111, 114, 115, 119, 123, 124, 125, 126, 127, 130, 131, 135], "summary": {"covered_lines": 61, "num_statements": 71, "percent_covered": 85.91549295774648, "percent_covered_display": "86", "missing_lines": 10, "excluded_lines": 0, "percent_statements_covered": 85.91549295774648, "percent_statements_covered_display": "86"}, "missing_lines": [31, 37, 103, 104, 105, 106, 107, 108, 120, 121], "excluded_lines": [], "functions": {"get_services": {"executed_lines": [], "summary": {"covered_lines": 0, "num_statements": 1, "percent_covered": 0.0, "percent_covered_display": "0", "missing_lines": 1, "excluded_lines": 0, "percent_statements_covered": 0.0, "percent_statements_covered_display": "0"}, "missing_lines": [31], "excluded_lines": [], "start_line": 30}, "get_backport_service": {"executed_lines": [], "summary": {"covered_lines": 0, "num_statements": 1, "percent_covered": 0.0, "percent_covered_display": "0", "missing_lines": 1, "excluded_lines": 0, "percent_statements_covered": 0.0, "percent_statements_covered_display": "0"}, "missing_lines": [37], "excluded_lines": [], "start_line": 34}, "get_config": {"executed_lines": [44], "summary": {"covered_lines": 1, "num_statements": 1, "percent_covered": 100.0, "percent_covered_display": "100", "missing_lines": 0, "excluded_lines": 0, "percent_statements_covered": 100.0, "percent_statements_covered_display": "100"}, "missing_lines": [], "excluded_lines": [], "start_line": 41}, "update_config": {"executed_lines": [52, 53], "summary": {"covered_lines": 2, "num_statements": 2, "percent_covered": 100.0, "percent_covered_display": "100", "missing_lines": 0, "excluded_lines": 0, "percent_statements_covered": 100.0, "percent_statements_covered_display": "100"}, "missing_lines": [], "excluded_lines": [], "start_line": 48}, "browse_path": {"executed_lines": [61], "summary": {"covered_lines": 1, "num_statements": 1, "percent_covered": 100.0, "percent_covered_display": "100", "missing_lines": 0, "excluded_lines": 0, "percent_statements_covered": 100.0, "percent_statements_covered_display": "100"}, "missing_lines": [], "excluded_lines": [], "start_line": 57}, "create_run": {"executed_lines": [69, 70, 72, 73, 74, 76, 77, 78, 79, 88, 89, 91, 92, 93, 95, 110, 111], "summary": {"covered_lines": 17, "num_statements": 17, "percent_covered": 100.0, "percent_covered_display": "100", "missing_lines": 0, "excluded_lines": 0, "percent_statements_covered": 100.0, "percent_statements_covered_display": "100"}, "missing_lines": [], "excluded_lines": [], "start_line": 65}, "create_run.worker": {"executed_lines": [96, 97, 98, 99, 100, 101, 102], "summary": {"covered_lines": 7, "num_statements": 13, "percent_covered": 53.84615384615385, "percent_covered_display": "54", "missing_lines": 6, "excluded_lines": 0, "percent_statements_covered": 53.84615384615385, "percent_statements_covered_display": "54"}, "missing_lines": [103, 104, 105, 106, 107, 108], "excluded_lines": [], "start_line": 95}, "get_run": {"executed_lines": [119, 123, 124, 125, 126, 127], "summary": {"covered_lines": 6, "num_statements": 8, "percent_covered": 75.0, "percent_covered_display": "75", "missing_lines": 2, "excluded_lines": 0, "percent_statements_covered": 75.0, "percent_statements_covered_display": "75"}, "missing_lines": [120, 121], "excluded_lines": [], "start_line": 115}, "run_action": {"executed_lines": [135], "summary": {"covered_lines": 1, "num_statements": 1, "percent_covered": 100.0, "percent_covered_display": "100", "missing_lines": 0, "excluded_lines": 0, "percent_statements_covered": 100.0, "percent_statements_covered_display": "100"}, "missing_lines": [], "excluded_lines": [], "start_line": 131}, "": {"executed_lines": [1, 3, 4, 5, 6, 8, 10, 11, 18, 19, 21, 23, 30, 34, 40, 41, 47, 48, 56, 57, 64, 65, 114, 115, 130, 131], "summary": {"covered_lines": 26, "num_statements": 26, "percent_covered": 100.0, "percent_covered_display": "100", "missing_lines": 0, "excluded_lines": 0, "percent_statements_covered": 100.0, "percent_statements_covered_display": "100"}, "missing_lines": [], "excluded_lines": [], "start_line": 1}}, "classes": {"": {"executed_lines": [1, 3, 4, 5, 6, 8, 10, 11, 18, 19, 21, 23, 30, 34, 40, 41, 44, 47, 48, 52, 53, 56, 57, 61, 64, 65, 69, 70, 72, 73, 74, 76, 77, 78, 79, 88, 89, 91, 92, 93, 95, 96, 97, 98, 99, 100, 101, 102, 110, 111, 114, 115, 119, 123, 124, 125, 126, 127, 130, 131, 135], "summary": {"covered_lines": 61, "num_statements": 71, "percent_covered": 85.91549295774648, "percent_covered_display": "86", "missing_lines": 10, "excluded_lines": 0, "percent_statements_covered": 85.91549295774648, "percent_statements_covered_display": "86"}, "missing_lines": [31, 37, 103, 104, 105, 106, 107, 108, 120, 121], "excluded_lines": [], "start_line": 1}}}, "src/witty_service/api/backport_schemas.py": {"executed_lines": [1, 3, 5, 7, 16, 17, 18, 19, 20, 21, 22, 23, 24, 25, 26, 27, 28, 29, 30, 31, 34, 35, 36, 39, 40, 41, 44, 45, 46, 47, 48, 49, 52, 53, 54, 55, 56, 59, 60, 61, 62, 63, 64, 65], "summary": {"covered_lines": 44, "num_statements": 44, "percent_covered": 100.0, "percent_covered_display": "100", "missing_lines": 0, "excluded_lines": 0, "percent_statements_covered": 100.0, "percent_statements_covered_display": "100"}, "missing_lines": [], "excluded_lines": [], "functions": {"": {"executed_lines": [1, 3, 5, 7, 16, 17, 18, 19, 20, 21, 22, 23, 24, 25, 26, 27, 28, 29, 30, 31, 34, 35, 36, 39, 40, 41, 44, 45, 46, 47, 48, 49, 52, 53, 54, 55, 56, 59, 60, 61, 62, 63, 64, 65], "summary": {"covered_lines": 44, "num_statements": 44, "percent_covered": 100.0, "percent_covered_display": "100", "missing_lines": 0, "excluded_lines": 0, "percent_statements_covered": 100.0, "percent_statements_covered_display": "100"}, "missing_lines": [], "excluded_lines": [], "start_line": 1}}, "classes": {"BackportConfigPayload": {"executed_lines": [], "summary": {"covered_lines": 0, "num_statements": 0, "percent_covered": 100.0, "percent_covered_display": "100", "missing_lines": 0, "excluded_lines": 0, "percent_statements_covered": 100.0, "percent_statements_covered_display": "100"}, "missing_lines": [], "excluded_lines": [], "start_line": 16}, "BackportConfigUpdateResponse": {"executed_lines": [], "summary": {"covered_lines": 0, "num_statements": 0, "percent_covered": 100.0, "percent_covered_display": "100", "missing_lines": 0, "excluded_lines": 0, "percent_statements_covered": 100.0, "percent_statements_covered_display": "100"}, "missing_lines": [], "excluded_lines": [], "start_line": 34}, "BackportRunRequest": {"executed_lines": [], "summary": {"covered_lines": 0, "num_statements": 0, "percent_covered": 100.0, "percent_covered_display": "100", "missing_lines": 0, "excluded_lines": 0, "percent_statements_covered": 100.0, "percent_statements_covered_display": "100"}, "missing_lines": [], "excluded_lines": [], "start_line": 39}, "BackportAsyncRunResponse": {"executed_lines": [], "summary": {"covered_lines": 0, "num_statements": 0, "percent_covered": 100.0, "percent_covered_display": "100", "missing_lines": 0, "excluded_lines": 0, "percent_statements_covered": 100.0, "percent_statements_covered_display": "100"}, "missing_lines": [], "excluded_lines": [], "start_line": 44}, "BackportToolSnapshotResponse": {"executed_lines": [], "summary": {"covered_lines": 0, "num_statements": 0, "percent_covered": 100.0, "percent_covered_display": "100", "missing_lines": 0, "excluded_lines": 0, "percent_statements_covered": 100.0, "percent_statements_covered_display": "100"}, "missing_lines": [], "excluded_lines": [], "start_line": 52}, "BackportRunResponse": {"executed_lines": [], "summary": {"covered_lines": 0, "num_statements": 0, "percent_covered": 100.0, "percent_covered_display": "100", "missing_lines": 0, "excluded_lines": 0, "percent_statements_covered": 100.0, "percent_statements_covered_display": "100"}, "missing_lines": [], "excluded_lines": [], "start_line": 59}, "": {"executed_lines": [1, 3, 5, 7, 16, 17, 18, 19, 20, 21, 22, 23, 24, 25, 26, 27, 28, 29, 30, 31, 34, 35, 36, 39, 40, 41, 44, 45, 46, 47, 48, 49, 52, 53, 54, 55, 56, 59, 60, 61, 62, 63, 64, 65], "summary": {"covered_lines": 44, "num_statements": 44, "percent_covered": 100.0, "percent_covered_display": "100", "missing_lines": 0, "excluded_lines": 0, "percent_statements_covered": 100.0, "percent_statements_covered_display": "100"}, "missing_lines": [], "excluded_lines": [], "start_line": 1}}}, "src/witty_service/api/cve.py": {"executed_lines": [1, 3, 5, 6, 14, 15, 17, 20, 24, 28, 29, 30, 31, 43, 44, 48, 49, 52, 53, 57, 58, 59, 63, 64, 67, 68, 74, 79, 82, 83, 90, 98, 99, 103, 104, 107, 108, 113, 114, 115, 118, 119, 125, 126, 132], "summary": {"covered_lines": 45, "num_statements": 47, "percent_covered": 95.74468085106383, "percent_covered_display": "96", "missing_lines": 2, "excluded_lines": 0, "percent_statements_covered": 95.74468085106383, "percent_statements_covered_display": "96"}, "missing_lines": [21, 25], "excluded_lines": [], "functions": {"get_services": {"executed_lines": [], "summary": {"covered_lines": 0, "num_statements": 1, "percent_covered": 0.0, "percent_covered_display": "0", "missing_lines": 1, "excluded_lines": 0, "percent_statements_covered": 0.0, "percent_statements_covered_display": "0"}, "missing_lines": [21], "excluded_lines": [], "start_line": 20}, "get_cve_service": {"executed_lines": [], "summary": {"covered_lines": 0, "num_statements": 1, "percent_covered": 0.0, "percent_covered_display": "0", "missing_lines": 1, "excluded_lines": 0, "percent_statements_covered": 0.0, "percent_statements_covered_display": "0"}, "missing_lines": [25], "excluded_lines": [], "start_line": 24}, "get_config": {"executed_lines": [30, 31], "summary": {"covered_lines": 2, "num_statements": 2, "percent_covered": 100.0, "percent_covered_display": "100", "missing_lines": 0, "excluded_lines": 0, "percent_statements_covered": 100.0, "percent_statements_covered_display": "100"}, "missing_lines": [], "excluded_lines": [], "start_line": 29}, "update_config": {"executed_lines": [48, 49], "summary": {"covered_lines": 2, "num_statements": 2, "percent_covered": 100.0, "percent_covered_display": "100", "missing_lines": 0, "excluded_lines": 0, "percent_statements_covered": 100.0, "percent_statements_covered_display": "100"}, "missing_lines": [], "excluded_lines": [], "start_line": 44}, "update_token": {"executed_lines": [57, 58, 59, 63, 64], "summary": {"covered_lines": 5, "num_statements": 5, "percent_covered": 100.0, "percent_covered_display": "100", "missing_lines": 0, "excluded_lines": 0, "percent_statements_covered": 100.0, "percent_statements_covered_display": "100"}, "missing_lines": [], "excluded_lines": [], "start_line": 53}, "get_workbench": {"executed_lines": [74, 79], "summary": {"covered_lines": 2, "num_statements": 2, "percent_covered": 100.0, "percent_covered_display": "100", "missing_lines": 0, "excluded_lines": 0, "percent_statements_covered": 100.0, "percent_statements_covered_display": "100"}, "missing_lines": [], "excluded_lines": [], "start_line": 68}, "get_pr_readiness": {"executed_lines": [90], "summary": {"covered_lines": 1, "num_statements": 1, "percent_covered": 100.0, "percent_covered_display": "100", "missing_lines": 0, "excluded_lines": 0, "percent_statements_covered": 100.0, "percent_statements_covered_display": "100"}, "missing_lines": [], "excluded_lines": [], "start_line": 83}, "get_artifact": {"executed_lines": [103, 104], "summary": {"covered_lines": 2, "num_statements": 2, "percent_covered": 100.0, "percent_covered_display": "100", "missing_lines": 0, "excluded_lines": 0, "percent_statements_covered": 100.0, "percent_statements_covered_display": "100"}, "missing_lines": [], "excluded_lines": [], "start_line": 99}, "get_issues": {"executed_lines": [113, 114, 115], "summary": {"covered_lines": 3, "num_statements": 3, "percent_covered": 100.0, "percent_covered_display": "100", "missing_lines": 0, "excluded_lines": 0, "percent_statements_covered": 100.0, "percent_statements_covered_display": "100"}, "missing_lines": [], "excluded_lines": [], "start_line": 108}, "search_issues": {"executed_lines": [125, 126, 132], "summary": {"covered_lines": 3, "num_statements": 3, "percent_covered": 100.0, "percent_covered_display": "100", "missing_lines": 0, "excluded_lines": 0, "percent_statements_covered": 100.0, "percent_statements_covered_display": "100"}, "missing_lines": [], "excluded_lines": [], "start_line": 119}, "": {"executed_lines": [1, 3, 5, 6, 14, 15, 17, 20, 24, 28, 29, 43, 44, 52, 53, 67, 68, 82, 83, 98, 99, 107, 108, 118, 119], "summary": {"covered_lines": 25, "num_statements": 25, "percent_covered": 100.0, "percent_covered_display": "100", "missing_lines": 0, "excluded_lines": 0, "percent_statements_covered": 100.0, "percent_statements_covered_display": "100"}, "missing_lines": [], "excluded_lines": [], "start_line": 1}}, "classes": {"": {"executed_lines": [1, 3, 5, 6, 14, 15, 17, 20, 24, 28, 29, 30, 31, 43, 44, 48, 49, 52, 53, 57, 58, 59, 63, 64, 67, 68, 74, 79, 82, 83, 90, 98, 99, 103, 104, 107, 108, 113, 114, 115, 118, 119, 125, 126, 132], "summary": {"covered_lines": 45, "num_statements": 47, "percent_covered": 95.74468085106383, "percent_covered_display": "96", "missing_lines": 2, "excluded_lines": 0, "percent_statements_covered": 95.74468085106383, "percent_statements_covered_display": "96"}, "missing_lines": [21, 25], "excluded_lines": [], "start_line": 1}}}, "src/witty_service/api/cve_schemas.py": {"executed_lines": [1, 3, 5, 6, 7, 9, 10, 11, 13, 14, 15, 16, 17, 18, 19, 20, 21, 22, 23, 25, 26, 28, 29, 30, 31, 32, 33, 34, 36, 37, 38, 39, 41, 42, 43, 44, 46, 47, 48, 49, 51, 52, 53, 54, 55, 56, 57, 58, 59, 61, 62, 63, 64, 65, 66, 67, 68, 70, 71], "summary": {"covered_lines": 59, "num_statements": 59, "percent_covered": 100.0, "percent_covered_display": "100", "missing_lines": 0, "excluded_lines": 0, "percent_statements_covered": 100.0, "percent_statements_covered_display": "100"}, "missing_lines": [], "excluded_lines": [], "functions": {"": {"executed_lines": [1, 3, 5, 6, 7, 9, 10, 11, 13, 14, 15, 16, 17, 18, 19, 20, 21, 22, 23, 25, 26, 28, 29, 30, 31, 32, 33, 34, 36, 37, 38, 39, 41, 42, 43, 44, 46, 47, 48, 49, 51, 52, 53, 54, 55, 56, 57, 58, 59, 61, 62, 63, 64, 65, 66, 67, 68, 70, 71], "summary": {"covered_lines": 59, "num_statements": 59, "percent_covered": 100.0, "percent_covered_display": "100", "missing_lines": 0, "excluded_lines": 0, "percent_statements_covered": 100.0, "percent_statements_covered_display": "100"}, "missing_lines": [], "excluded_lines": [], "start_line": 1}}, "classes": {"CveLabel": {"executed_lines": [], "summary": {"covered_lines": 0, "num_statements": 0, "percent_covered": 100.0, "percent_covered_display": "100", "missing_lines": 0, "excluded_lines": 0, "percent_statements_covered": 100.0, "percent_statements_covered_display": "100"}, "missing_lines": [], "excluded_lines": [], "start_line": 5}, "CveUser": {"executed_lines": [], "summary": {"covered_lines": 0, "num_statements": 0, "percent_covered": 100.0, "percent_covered_display": "100", "missing_lines": 0, "excluded_lines": 0, "percent_statements_covered": 100.0, "percent_statements_covered_display": "100"}, "missing_lines": [], "excluded_lines": [], "start_line": 9}, "CveIssue": {"executed_lines": [], "summary": {"covered_lines": 0, "num_statements": 0, "percent_covered": 100.0, "percent_covered_display": "100", "missing_lines": 0, "excluded_lines": 0, "percent_statements_covered": 100.0, "percent_statements_covered_display": "100"}, "missing_lines": [], "excluded_lines": [], "start_line": 13}, "CveIssueListResponse": {"executed_lines": [], "summary": {"covered_lines": 0, "num_statements": 0, "percent_covered": 100.0, "percent_covered_display": "100", "missing_lines": 0, "excluded_lines": 0, "percent_statements_covered": 100.0, "percent_statements_covered_display": "100"}, "missing_lines": [], "excluded_lines": [], "start_line": 25}, "CveArtifact": {"executed_lines": [], "summary": {"covered_lines": 0, "num_statements": 0, "percent_covered": 100.0, "percent_covered_display": "100", "missing_lines": 0, "excluded_lines": 0, "percent_statements_covered": 100.0, "percent_statements_covered_display": "100"}, "missing_lines": [], "excluded_lines": [], "start_line": 28}, "CveWorkbenchBranch": {"executed_lines": [], "summary": {"covered_lines": 0, "num_statements": 0, "percent_covered": 100.0, "percent_covered_display": "100", "missing_lines": 0, "excluded_lines": 0, "percent_statements_covered": 100.0, "percent_statements_covered_display": "100"}, "missing_lines": [], "excluded_lines": [], "start_line": 36}, "CveWorkbenchResponse": {"executed_lines": [], "summary": {"covered_lines": 0, "num_statements": 0, "percent_covered": 100.0, "percent_covered_display": "100", "missing_lines": 0, "excluded_lines": 0, "percent_statements_covered": 100.0, "percent_statements_covered_display": "100"}, "missing_lines": [], "excluded_lines": [], "start_line": 41}, "CveArtifactResponse": {"executed_lines": [], "summary": {"covered_lines": 0, "num_statements": 0, "percent_covered": 100.0, "percent_covered_display": "100", "missing_lines": 0, "excluded_lines": 0, "percent_statements_covered": 100.0, "percent_statements_covered_display": "100"}, "missing_lines": [], "excluded_lines": [], "start_line": 46}, "CveConfigResponse": {"executed_lines": [], "summary": {"covered_lines": 0, "num_statements": 0, "percent_covered": 100.0, "percent_covered_display": "100", "missing_lines": 0, "excluded_lines": 0, "percent_statements_covered": 100.0, "percent_statements_covered_display": "100"}, "missing_lines": [], "excluded_lines": [], "start_line": 51}, "UpdateCveConfigRequest": {"executed_lines": [], "summary": {"covered_lines": 0, "num_statements": 0, "percent_covered": 100.0, "percent_covered_display": "100", "missing_lines": 0, "excluded_lines": 0, "percent_statements_covered": 100.0, "percent_statements_covered_display": "100"}, "missing_lines": [], "excluded_lines": [], "start_line": 61}, "CveConfigUpdateResponse": {"executed_lines": [], "summary": {"covered_lines": 0, "num_statements": 0, "percent_covered": 100.0, "percent_covered_display": "100", "missing_lines": 0, "excluded_lines": 0, "percent_statements_covered": 100.0, "percent_statements_covered_display": "100"}, "missing_lines": [], "excluded_lines": [], "start_line": 70}, "": {"executed_lines": [1, 3, 5, 6, 7, 9, 10, 11, 13, 14, 15, 16, 17, 18, 19, 20, 21, 22, 23, 25, 26, 28, 29, 30, 31, 32, 33, 34, 36, 37, 38, 39, 41, 42, 43, 44, 46, 47, 48, 49, 51, 52, 53, 54, 55, 56, 57, 58, 59, 61, 62, 63, 64, 65, 66, 67, 68, 70, 71], "summary": {"covered_lines": 59, "num_statements": 59, "percent_covered": 100.0, "percent_covered_display": "100", "missing_lines": 0, "excluded_lines": 0, "percent_statements_covered": 100.0, "percent_statements_covered_display": "100"}, "missing_lines": [], "excluded_lines": [], "start_line": 1}}}, "src/witty_service/api/errors.py": {"executed_lines": [1, 3, 4, 6, 9, 10, 11, 12], "summary": {"covered_lines": 8, "num_statements": 8, "percent_covered": 100.0, "percent_covered_display": "100", "missing_lines": 0, "excluded_lines": 0, "percent_statements_covered": 100.0, "percent_statements_covered_display": "100"}, "missing_lines": [], "excluded_lines": [], "functions": {"register_exception_handlers": {"executed_lines": [11], "summary": {"covered_lines": 1, "num_statements": 1, "percent_covered": 100.0, "percent_covered_display": "100", "missing_lines": 0, "excluded_lines": 0, "percent_statements_covered": 100.0, "percent_statements_covered_display": "100"}, "missing_lines": [], "excluded_lines": [], "start_line": 9}, "register_exception_handlers._domain_error_handler": {"executed_lines": [12], "summary": {"covered_lines": 1, "num_statements": 1, "percent_covered": 100.0, "percent_covered_display": "100", "missing_lines": 0, "excluded_lines": 0, "percent_statements_covered": 100.0, "percent_statements_covered_display": "100"}, "missing_lines": [], "excluded_lines": [], "start_line": 11}, "": {"executed_lines": [1, 3, 4, 6, 9, 10], "summary": {"covered_lines": 6, "num_statements": 6, "percent_covered": 100.0, "percent_covered_display": "100", "missing_lines": 0, "excluded_lines": 0, "percent_statements_covered": 100.0, "percent_statements_covered_display": "100"}, "missing_lines": [], "excluded_lines": [], "start_line": 1}}, "classes": {"": {"executed_lines": [1, 3, 4, 6, 9, 10, 11, 12], "summary": {"covered_lines": 8, "num_statements": 8, "percent_covered": 100.0, "percent_covered_display": "100", "missing_lines": 0, "excluded_lines": 0, "percent_statements_covered": 100.0, "percent_statements_covered_display": "100"}, "missing_lines": [], "excluded_lines": [], "start_line": 1}}}, "src/witty_service/api/mcp_servers.py": {"executed_lines": [1, 3, 5, 6, 11, 12, 13, 15, 17, 18, 21, 25, 26, 27, 31, 34, 35, 39, 40, 44, 47, 48, 49, 50, 53, 54, 58, 59, 60, 65, 66, 69, 70, 75, 76, 77, 83, 84, 85, 87, 92, 95, 96], "summary": {"covered_lines": 43, "num_statements": 44, "percent_covered": 97.72727272727273, "percent_covered_display": "98", "missing_lines": 1, "excluded_lines": 0, "percent_statements_covered": 97.72727272727273, "percent_statements_covered_display": "98"}, "missing_lines": [22], "excluded_lines": [], "functions": {"get_services": {"executed_lines": [], "summary": {"covered_lines": 0, "num_statements": 1, "percent_covered": 0.0, "percent_covered_display": "0", "missing_lines": 1, "excluded_lines": 0, "percent_statements_covered": 0.0, "percent_statements_covered_display": "0"}, "missing_lines": [22], "excluded_lines": [], "start_line": 21}, "_extract_server_name": {"executed_lines": [26, 27, 31], "summary": {"covered_lines": 3, "num_statements": 3, "percent_covered": 100.0, "percent_covered_display": "100", "missing_lines": 0, "excluded_lines": 0, "percent_statements_covered": 100.0, "percent_statements_covered_display": "100"}, "missing_lines": [], "excluded_lines": [], "start_line": 25}, "create_mcp_server": {"executed_lines": [39, 40, 44], "summary": {"covered_lines": 3, "num_statements": 3, "percent_covered": 100.0, "percent_covered_display": "100", "missing_lines": 0, "excluded_lines": 0, "percent_statements_covered": 100.0, "percent_statements_covered_display": "100"}, "missing_lines": [], "excluded_lines": [], "start_line": 35}, "list_mcp_servers": {"executed_lines": [49, 50], "summary": {"covered_lines": 2, "num_statements": 2, "percent_covered": 100.0, "percent_covered_display": "100", "missing_lines": 0, "excluded_lines": 0, "percent_statements_covered": 100.0, "percent_statements_covered_display": "100"}, "missing_lines": [], "excluded_lines": [], "start_line": 48}, "delete_mcp_server": {"executed_lines": [58, 59, 60, 65, 66], "summary": {"covered_lines": 5, "num_statements": 5, "percent_covered": 100.0, "percent_covered_display": "100", "missing_lines": 0, "excluded_lines": 0, "percent_statements_covered": 100.0, "percent_statements_covered_display": "100"}, "missing_lines": [], "excluded_lines": [], "start_line": 54}, "update_mcp_server": {"executed_lines": [75, 76, 77, 83, 84, 85, 87, 92], "summary": {"covered_lines": 8, "num_statements": 8, "percent_covered": 100.0, "percent_covered_display": "100", "missing_lines": 0, "excluded_lines": 0, "percent_statements_covered": 100.0, "percent_statements_covered_display": "100"}, "missing_lines": [], "excluded_lines": [], "start_line": 70}, "_to_mcp_server_response": {"executed_lines": [96], "summary": {"covered_lines": 1, "num_statements": 1, "percent_covered": 100.0, "percent_covered_display": "100", "missing_lines": 0, "excluded_lines": 0, "percent_statements_covered": 100.0, "percent_statements_covered_display": "100"}, "missing_lines": [], "excluded_lines": [], "start_line": 95}, "": {"executed_lines": [1, 3, 5, 6, 11, 12, 13, 15, 17, 18, 21, 25, 34, 35, 47, 48, 53, 54, 69, 70, 95], "summary": {"covered_lines": 21, "num_statements": 21, "percent_covered": 100.0, "percent_covered_display": "100", "missing_lines": 0, "excluded_lines": 0, "percent_statements_covered": 100.0, "percent_statements_covered_display": "100"}, "missing_lines": [], "excluded_lines": [], "start_line": 1}}, "classes": {"": {"executed_lines": [1, 3, 5, 6, 11, 12, 13, 15, 17, 18, 21, 25, 26, 27, 31, 34, 35, 39, 40, 44, 47, 48, 49, 50, 53, 54, 58, 59, 60, 65, 66, 69, 70, 75, 76, 77, 83, 84, 85, 87, 92, 95, 96], "summary": {"covered_lines": 43, "num_statements": 44, "percent_covered": 97.72727272727273, "percent_covered_display": "98", "missing_lines": 1, "excluded_lines": 0, "percent_statements_covered": 97.72727272727273, "percent_statements_covered_display": "98"}, "missing_lines": [22], "excluded_lines": [], "start_line": 1}}}, "src/witty_service/api/models.py": {"executed_lines": [1, 3, 5, 6, 7, 8, 9, 11, 13, 16, 20, 34, 35, 39, 40, 41, 43, 53, 56, 57, 58, 59, 62, 63, 67, 68, 69, 74, 75, 78, 79, 84, 85, 86, 91, 92, 93, 94, 105, 108, 109], "summary": {"covered_lines": 41, "num_statements": 42, "percent_covered": 97.61904761904762, "percent_covered_display": "98", "missing_lines": 1, "excluded_lines": 0, "percent_statements_covered": 97.61904761904762, "percent_statements_covered_display": "98"}, "missing_lines": [17], "excluded_lines": [], "functions": {"get_services": {"executed_lines": [], "summary": {"covered_lines": 0, "num_statements": 1, "percent_covered": 0.0, "percent_covered_display": "0", "missing_lines": 1, "excluded_lines": 0, "percent_statements_covered": 0.0, "percent_statements_covered_display": "0"}, "missing_lines": [17], "excluded_lines": [], "start_line": 16}, "create_model": {"executed_lines": [39, 40, 41, 43, 53], "summary": {"covered_lines": 5, "num_statements": 5, "percent_covered": 100.0, "percent_covered_display": "100", "missing_lines": 0, "excluded_lines": 0, "percent_statements_covered": 100.0, "percent_statements_covered_display": "100"}, "missing_lines": [], "excluded_lines": [], "start_line": 35}, "list_models": {"executed_lines": [58, 59], "summary": {"covered_lines": 2, "num_statements": 2, "percent_covered": 100.0, "percent_covered_display": "100", "missing_lines": 0, "excluded_lines": 0, "percent_statements_covered": 100.0, "percent_statements_covered_display": "100"}, "missing_lines": [], "excluded_lines": [], "start_line": 57}, "delete_model": {"executed_lines": [67, 68, 69, 74, 75], "summary": {"covered_lines": 5, "num_statements": 5, "percent_covered": 100.0, "percent_covered_display": "100", "missing_lines": 0, "excluded_lines": 0, "percent_statements_covered": 100.0, "percent_statements_covered_display": "100"}, "missing_lines": [], "excluded_lines": [], "start_line": 63}, "update_model": {"executed_lines": [84, 85, 86, 91, 92, 93, 94, 105], "summary": {"covered_lines": 8, "num_statements": 8, "percent_covered": 100.0, "percent_covered_display": "100", "missing_lines": 0, "excluded_lines": 0, "percent_statements_covered": 100.0, "percent_statements_covered_display": "100"}, "missing_lines": [], "excluded_lines": [], "start_line": 79}, "_to_model_response": {"executed_lines": [109], "summary": {"covered_lines": 1, "num_statements": 1, "percent_covered": 100.0, "percent_covered_display": "100", "missing_lines": 0, "excluded_lines": 0, "percent_statements_covered": 100.0, "percent_statements_covered_display": "100"}, "missing_lines": [], "excluded_lines": [], "start_line": 108}, "": {"executed_lines": [1, 3, 5, 6, 7, 8, 9, 11, 13, 16, 20, 34, 35, 56, 57, 62, 63, 78, 79, 108], "summary": {"covered_lines": 20, "num_statements": 20, "percent_covered": 100.0, "percent_covered_display": "100", "missing_lines": 0, "excluded_lines": 0, "percent_statements_covered": 100.0, "percent_statements_covered_display": "100"}, "missing_lines": [], "excluded_lines": [], "start_line": 1}}, "classes": {"": {"executed_lines": [1, 3, 5, 6, 7, 8, 9, 11, 13, 16, 20, 34, 35, 39, 40, 41, 43, 53, 56, 57, 58, 59, 62, 63, 67, 68, 69, 74, 75, 78, 79, 84, 85, 86, 91, 92, 93, 94, 105, 108, 109], "summary": {"covered_lines": 41, "num_statements": 42, "percent_covered": 97.61904761904762, "percent_covered_display": "98", "missing_lines": 1, "excluded_lines": 0, "percent_statements_covered": 97.61904761904762, "percent_statements_covered_display": "98"}, "missing_lines": [17], "excluded_lines": [], "start_line": 1}}}, "src/witty_service/api/schemas.py": {"executed_lines": [1, 3, 4, 6, 9, 10, 12, 15, 21, 22, 23, 24, 25, 26, 27, 28, 29, 30, 33, 35, 36, 37, 38, 39, 40, 41, 42, 45, 46, 49, 50, 51, 54, 55, 58, 59, 60, 61, 62, 63, 64, 65, 66, 67, 68, 71, 72, 74, 75, 76, 77, 78, 79, 80, 81, 82, 83, 84, 85, 86, 87, 88, 89, 92, 93, 95, 96, 97, 98, 99, 100, 101, 102, 103, 106, 107, 108, 111, 112, 113, 114, 115, 116, 117, 118, 119, 122, 123, 124, 125, 126, 127, 128, 129, 130, 132, 133, 135, 136, 137, 138, 139, 140, 141, 142, 143, 144, 147, 148, 151, 152, 153, 156, 157, 159, 160, 161, 162, 163, 166, 167, 168, 169, 170, 171, 172, 175, 176, 177, 178, 181, 182, 183, 186, 187, 188, 190, 191, 193, 194, 195, 196, 197, 198, 199, 200, 201, 202, 205, 206, 209, 210, 212, 213, 214, 215, 216, 217, 218, 219, 220, 223, 224, 225, 228, 229, 230, 231, 232, 235, 236, 237, 238, 239, 242, 243, 245, 246, 247, 248, 249, 250, 251, 252, 255, 256, 258, 259, 260, 261, 262, 263, 264], "summary": {"covered_lines": 193, "num_statements": 194, "percent_covered": 99.48453608247422, "percent_covered_display": "99", "missing_lines": 1, "excluded_lines": 0, "percent_statements_covered": 99.48453608247422, "percent_statements_covered_display": "99"}, "missing_lines": [11], "excluded_lines": [], "functions": {"_format_utc_datetime": {"executed_lines": [10, 12], "summary": {"covered_lines": 2, "num_statements": 3, "percent_covered": 66.66666666666667, "percent_covered_display": "67", "missing_lines": 1, "excluded_lines": 0, "percent_statements_covered": 66.66666666666667, "percent_statements_covered_display": "67"}, "missing_lines": [11], "excluded_lines": [], "start_line": 9}, "": {"executed_lines": [1, 3, 4, 6, 9, 15, 21, 22, 23, 24, 25, 26, 27, 28, 29, 30, 33, 35, 36, 37, 38, 39, 40, 41, 42, 45, 46, 49, 50, 51, 54, 55, 58, 59, 60, 61, 62, 63, 64, 65, 66, 67, 68, 71, 72, 74, 75, 76, 77, 78, 79, 80, 81, 82, 83, 84, 85, 86, 87, 88, 89, 92, 93, 95, 96, 97, 98, 99, 100, 101, 102, 103, 106, 107, 108, 111, 112, 113, 114, 115, 116, 117, 118, 119, 122, 123, 124, 125, 126, 127, 128, 129, 130, 132, 133, 135, 136, 137, 138, 139, 140, 141, 142, 143, 144, 147, 148, 151, 152, 153, 156, 157, 159, 160, 161, 162, 163, 166, 167, 168, 169, 170, 171, 172, 175, 176, 177, 178, 181, 182, 183, 186, 187, 188, 190, 191, 193, 194, 195, 196, 197, 198, 199, 200, 201, 202, 205, 206, 209, 210, 212, 213, 214, 215, 216, 217, 218, 219, 220, 223, 224, 225, 228, 229, 230, 231, 232, 235, 236, 237, 238, 239, 242, 243, 245, 246, 247, 248, 249, 250, 251, 252, 255, 256, 258, 259, 260, 261, 262, 263, 264], "summary": {"covered_lines": 191, "num_statements": 191, "percent_covered": 100.0, "percent_covered_display": "100", "missing_lines": 0, "excluded_lines": 0, "percent_statements_covered": 100.0, "percent_statements_covered_display": "100"}, "missing_lines": [], "excluded_lines": [], "start_line": 1}}, "classes": {"CreateAgentRequest": {"executed_lines": [], "summary": {"covered_lines": 0, "num_statements": 0, "percent_covered": 100.0, "percent_covered_display": "100", "missing_lines": 0, "excluded_lines": 0, "percent_statements_covered": 100.0, "percent_statements_covered_display": "100"}, "missing_lines": [], "excluded_lines": [], "start_line": 21}, "CreateAgentHubRequest": {"executed_lines": [], "summary": {"covered_lines": 0, "num_statements": 0, "percent_covered": 100.0, "percent_covered_display": "100", "missing_lines": 0, "excluded_lines": 0, "percent_statements_covered": 100.0, "percent_statements_covered_display": "100"}, "missing_lines": [], "excluded_lines": [], "start_line": 33}, "SendMessageRequest": {"executed_lines": [], "summary": {"covered_lines": 0, "num_statements": 0, "percent_covered": 100.0, "percent_covered_display": "100", "missing_lines": 0, "excluded_lines": 0, "percent_statements_covered": 100.0, "percent_statements_covered_display": "100"}, "missing_lines": [], "excluded_lines": [], "start_line": 45}, "InstallAgentSkillRequest": {"executed_lines": [], "summary": {"covered_lines": 0, "num_statements": 0, "percent_covered": 100.0, "percent_covered_display": "100", "missing_lines": 0, "excluded_lines": 0, "percent_statements_covered": 100.0, "percent_statements_covered_display": "100"}, "missing_lines": [], "excluded_lines": [], "start_line": 49}, "UninstallAgentSkillRequest": {"executed_lines": [], "summary": {"covered_lines": 0, "num_statements": 0, "percent_covered": 100.0, "percent_covered_display": "100", "missing_lines": 0, "excluded_lines": 0, "percent_statements_covered": 100.0, "percent_statements_covered_display": "100"}, "missing_lines": [], "excluded_lines": [], "start_line": 54}, "AgentSkillResponse": {"executed_lines": [], "summary": {"covered_lines": 0, "num_statements": 0, "percent_covered": 100.0, "percent_covered_display": "100", "missing_lines": 0, "excluded_lines": 0, "percent_statements_covered": 100.0, "percent_statements_covered_display": "100"}, "missing_lines": [], "excluded_lines": [], "start_line": 58}, "AgentResponse": {"executed_lines": [], "summary": {"covered_lines": 0, "num_statements": 0, "percent_covered": 100.0, "percent_covered_display": "100", "missing_lines": 0, "excluded_lines": 0, "percent_statements_covered": 100.0, "percent_statements_covered_display": "100"}, "missing_lines": [], "excluded_lines": [], "start_line": 71}, "SessionResponse": {"executed_lines": [], "summary": {"covered_lines": 0, "num_statements": 0, "percent_covered": 100.0, "percent_covered_display": "100", "missing_lines": 0, "excluded_lines": 0, "percent_statements_covered": 100.0, "percent_statements_covered_display": "100"}, "missing_lines": [], "excluded_lines": [], "start_line": 92}, "MessageEventsResponse": {"executed_lines": [], "summary": {"covered_lines": 0, "num_statements": 0, "percent_covered": 100.0, "percent_covered_display": "100", "missing_lines": 0, "excluded_lines": 0, "percent_statements_covered": 100.0, "percent_statements_covered_display": "100"}, "missing_lines": [], "excluded_lines": [], "start_line": 106}, "CreateModelRequest": {"executed_lines": [], "summary": {"covered_lines": 0, "num_statements": 0, "percent_covered": 100.0, "percent_covered_display": "100", "missing_lines": 0, "excluded_lines": 0, "percent_statements_covered": 100.0, "percent_statements_covered_display": "100"}, "missing_lines": [], "excluded_lines": [], "start_line": 111}, "UpdateModelRequest": {"executed_lines": [], "summary": {"covered_lines": 0, "num_statements": 0, "percent_covered": 100.0, "percent_covered_display": "100", "missing_lines": 0, "excluded_lines": 0, "percent_statements_covered": 100.0, "percent_statements_covered_display": "100"}, "missing_lines": [], "excluded_lines": [], "start_line": 122}, "ModelResponse": {"executed_lines": [], "summary": {"covered_lines": 0, "num_statements": 0, "percent_covered": 100.0, "percent_covered_display": "100", "missing_lines": 0, "excluded_lines": 0, "percent_statements_covered": 100.0, "percent_statements_covered_display": "100"}, "missing_lines": [], "excluded_lines": [], "start_line": 132}, "CreateMcpServerRequest": {"executed_lines": [], "summary": {"covered_lines": 0, "num_statements": 0, "percent_covered": 100.0, "percent_covered_display": "100", "missing_lines": 0, "excluded_lines": 0, "percent_statements_covered": 100.0, "percent_statements_covered_display": "100"}, "missing_lines": [], "excluded_lines": [], "start_line": 147}, "UpdateMcpServerRequest": {"executed_lines": [], "summary": {"covered_lines": 0, "num_statements": 0, "percent_covered": 100.0, "percent_covered_display": "100", "missing_lines": 0, "excluded_lines": 0, "percent_statements_covered": 100.0, "percent_statements_covered_display": "100"}, "missing_lines": [], "excluded_lines": [], "start_line": 151}, "McpServerResponse": {"executed_lines": [], "summary": {"covered_lines": 0, "num_statements": 0, "percent_covered": 100.0, "percent_covered_display": 
[...]
start_line": 28}, "register_sandbox_backend": {"executed_lines": [43], "summary": {"covered_lines": 1, "num_statements": 1, "percent_covered": 100.0, "percent_covered_display": "100", "missing_lines": 0, "excluded_lines": 0, "percent_statements_covered": 100.0, "percent_statements_covered_display": "100"}, "missing_lines": [], "excluded_lines": [], "start_line": 42}, "create_sandbox_backend": {"executed_lines": [47, 48, 49, 50, 58], "summary": {"covered_lines": 5, "num_statements": 5, "percent_covered": 100.0, "percent_covered_display": "100", "missing_lines": 0, "excluded_lines": 0, "percent_statements_covered": 100.0, "percent_statements_covered_display": "100"}, "missing_lines": [], "excluded_lines": [], "start_line": 46}, "": {"executed_lines": [1, 3, 5, 6, 7, 8, 9, 10, 11, 12, 14, 17, 28, 35, 42, 46], "summary": {"covered_lines": 16, "num_statements": 16, "percent_covered": 100.0, "percent_covered_display": "100", "missing_lines": 0, "excluded_lines": 0, "percent_statements_covered": 100.0, "percent_statements_covered_display": "100"}, "missing_lines": [], "excluded_lines": [], "start_line": 1}}, "classes": {"": {"executed_lines": [1, 3, 5, 6, 7, 8, 9, 10, 11, 12, 14, 17, 18, 19, 28, 29, 30, 35, 42, 43, 46, 47, 48, 49, 50, 58], "summary": {"covered_lines": 26, "num_statements": 26, "percent_covered": 100.0, "percent_covered_display": "100", "missing_lines": 0, "excluded_lines": 0, "percent_statements_covered": 100.0, "percent_statements_covered_display": "100"}, "missing_lines": [], "excluded_lines": [], "start_line": 1}}}, "src/witty_service/sandbox/local_process.py": {"executed_lines": [1, 3, 4, 5, 6, 7, 8, 9, 10, 11, 13, 15, 25, 26, 27, 28, 31, 32, 34, 42, 43, 44, 45, 46, 47, 49, 57, 58, 59, 60, 61, 62, 63, 64, 65, 66, 68, 69, 70, 71, 72, 79, 91, 92, 93, 94, 95, 96, 97, 107, 108, 109, 110, 123, 124, 125, 126, 128, 129, 130, 131, 134, 135, 136, 137, 138, 139, 141, 142, 143, 144, 146, 147, 148, 150, 153, 154, 155, 157, 158, 159, 160, 161, 163, 165, 167, 181, 183, 184, 185, 186, 212, 213, 215, 216, 218, 219, 220, 221, 222, 223, 228, 229], "summary": {"covered_lines": 103, "num_statements": 117, "percent_covered": 88.03418803418803, "percent_covered_display": "88", "missing_lines": 14, "excluded_lines": 0, "percent_statements_covered": 88.03418803418803, "percent_statements_covered_display": "88"}, "missing_lines": [80, 81, 82, 132, 145, 192, 193, 194, 196, 197, 199, 231, 232, 233], "excluded_lines": [], "functions": {"find_free_port": {"executed_lines": [26, 27, 28], "summary": {"covered_lines": 3, "num_statements": 3, "percent_covered": 100.0, "percent_covered_display": "100", "missing_lines": 0, "excluded_lines": 0, "percent_statements_covered": 100.0, "percent_statements_covered_display": "100"}, "missing_lines": [], "excluded_lines": [], "start_line": 25}, "LocalProcessSandboxBackend.__init__": {"executed_lines": [42, 43, 44, 45, 46, 47], "summary": {"covered_lines": 6, "num_statements": 6, "percent_covered": 100.0, "percent_covered_display": "100", "missing_lines": 0, "excluded_lines": 0, "percent_statements_covered": 100.0, "percent_statements_covered_display": "100"}, "missing_lines": [], "excluded_lines": [], "start_line": 34}, "LocalProcessSandboxBackend.start": {"executed_lines": [57, 58, 59, 60, 61, 62, 63, 64, 65, 66, 68, 69, 70, 71, 72, 79, 91, 92, 93, 94, 95, 96, 97, 107, 108, 109, 110, 123, 124, 125, 126], "summary": {"covered_lines": 31, "num_statements": 34, "percent_covered": 91.17647058823529, "percent_covered_display": "91", "missing_lines": 3, "excluded_lines": 0, "percent_statements_covered": 91.17647058823529, "percent_statements_covered_display": "91"}, "missing_lines": [80, 81, 82], "excluded_lines": [], "start_line": 49}, "LocalProcessSandboxBackend.stop": {"executed_lines": [129, 130, 131, 134, 135, 136, 137, 138, 139], "summary": {"covered_lines": 9, "num_statements": 10, "percent_covered": 90.0, "percent_covered_display": "90", "missing_lines": 1, "excluded_lines": 0, "percent_statements_covered": 90.0, "percent_statements_covered_display": "90"}, "missing_lines": [132], "excluded_lines": [], "start_line": 128}, "LocalProcessSandboxBackend.status": {"executed_lines": [142, 143, 144, 146, 147, 148], "summary": {"covered_lines": 6, "num_statements": 7, "percent_covered": 85.71428571428571, "percent_covered_display": "86", "missing_lines": 1, "excluded_lines": 0, "percent_statements_covered": 85.71428571428571, "percent_statements_covered_display": "86"}, "missing_lines": [145], "excluded_lines": [], "start_line": 141}, "LocalProcessSandboxBackend.endpoint": {"executed_lines": [153, 154, 155], "summary": {"covered_lines": 3, "num_statements": 3, "percent_covered": 100.0, "percent_covered_display": "100", "missing_lines": 0, "excluded_lines": 0, "percent_statements_covered": 100.0, "percent_statements_covered_display": "100"}, "missing_lines": [], "excluded_lines": [], "start_line": 150}, "LocalProcessSandboxBackend.cleanup": {"executed_lines": [158, 159, 160, 161], "summary": {"covered_lines": 4, "num_statements": 4, "percent_covered": 100.0, "percent_covered_display": "100", "missing_lines": 0, "excluded_lines": 0, "percent_statements_covered": 100.0, "percent_statements_covered_display": "100"}, "missing_lines": [], "excluded_lines": [], "start_line": 157}, "LocalProcessSandboxBackend._build_command": {"executed_lines": [165, 167], "summary": {"covered_lines": 2, "num_statements": 2, "percent_covered": 100.0, "percent_covered_display": "100", "missing_lines": 0, "excluded_lines": 0, "percent_statements_covered": 100.0, "percent_statements_covered_display": "100"}, "missing_lines": [], "excluded_lines": [], "start_line": 163}, "LocalProcessSandboxBackend._resolve_agent_server_app_dir": {"executed_lines": [183, 184, 185, 186], "summary": {"covered_lines": 4, "num_statements": 10, "percent_covered": 40.0, "percent_covered_display": "40", "missing_lines": 6, "excluded_lines": 0, "percent_statements_covered": 40.0, "percent_statements_covered_display": "40"}, "missing_lines": [192, 193, 194, 196, 197, 199], "excluded_lines": [], "start_line": 181}, "LocalProcessSandboxBackend._build_stderr_log_path": {"executed_lines": [215, 216], "summary": {"covered_lines": 2, "num_statements": 2, "percent_covered": 100.0, "percent_covered_display": "100", "missing_lines": 0, "excluded_lines": 0, "percent_statements_covered": 100.0, "percent_statements_covered_display": "100"}, "missing_lines": [], "excluded_lines": [], "start_line": 213}, "LocalProcessSandboxBackend._resolve_handle": {"executed_lines": [219, 220, 221, 222, 223], "summary": {"covered_lines": 5, "num_statements": 5, "percent_covered": 100.0, "percent_covered_display": "100", "missing_lines": 0, "excluded_lines": 0, "percent_statements_covered": 100.0, "percent_statements_covered_display": "100"}, "missing_lines": [], "excluded_lines": [], "start_line": 218}, "LocalProcessSandboxBackend._read_stderr_log": {"executed_lines": [], "summary": {"covered_lines": 0, "num_statements": 3, "percent_covered": 0.0, "percent_covered_display": "0", "missing_lines": 3, "excluded_lines": 0, "percent_statements_covered": 0.0, "percent_statements_covered_display": "0"}, "missing_lines": [231, 232, 233], "excluded_lines": [], "start_line": 229}, "": {"executed_lines": [1, 3, 4, 5, 6, 7, 8, 9, 10, 11, 13, 15, 25, 31, 32, 34, 49, 128, 141, 150, 157, 163, 181, 212, 213, 218, 228, 229], "summary": {"covered_lines": 28, "num_statements": 28, "percent_covered": 100.0, "percent_covered_display": "100", "missing_lines": 0, "excluded_lines": 0, "percent_statements_covered": 100.0, "percent_statements_covered_display": "100"}, "missing_lines": [], "excluded_lines": [], "start_line": 1}}, "classes": {"LocalProcessSandboxBackend": {"executed_lines": [42, 43, 44, 45, 46, 47, 57, 58, 59, 60, 61, 62, 63, 64, 65, 66, 68, 69, 70, 71, 72, 79, 91, 92, 93, 94, 95, 96, 97, 107, 108, 109, 110, 123, 124, 125, 126, 129, 130, 131, 134, 135, 136, 137, 138, 139, 142, 143, 144, 146, 147, 148, 153, 154, 155, 158, 159, 160, 161, 165, 167, 183, 184, 185, 186, 215, 216, 219, 220, 221, 222, 223], "summary": {"covered_lines": 72, "num_statements": 86, "percent_covered": 83.72093023255815, "percent_covered_display": "84", "missing_lines": 14, "excluded_lines": 0, "percent_statements_covered": 83.72093023255815, "percent_statements_covered_display": "84"}, "missing_lines": [80, 81, 82, 132, 145, 192, 193, 194, 196, 197, 199, 231, 232, 233], "excluded_lines": [], "start_line": 31}, "": {"executed_lines": [1, 3, 4, 5, 6, 7, 8, 9, 10, 11, 13, 15, 25, 26, 27, 28, 31, 32, 34, 49, 128, 141, 150, 157, 163, 181, 212, 213, 218, 228, 229], "summary": {"covered_lines": 31, "num_statements": 31, "percent_covered": 100.0, "percent_covered_display": "100", "missing_lines": 0, "excluded_lines": 0, "percent_statements_covered": 100.0, "percent_statements_covered_display": "100"}, "missing_lines": [], "excluded_lines": [], "start_line": 1}}}, "src/witty_service/storage/__init__.py": {"executed_lines": [3, 4, 6], "summary": {"covered_lines": 3, "num_statements": 3, "percent_covered": 100.0, "percent_covered_display": "100", "missing_lines": 0, "excluded_lines": 0, "percent_statements_covered": 100.0, "percent_statements_covered_display": "100"}, "missing_lines": [], "excluded_lines": [], "functions": {"": {"executed_lines": [3, 4, 6], "summary": {"covered_lines": 3, "num_statements": 3, "percent_covered": 100.0, "percent_covered_display": "100", "missing_lines": 0, "excluded_lines": 0, "percent_statements_covered": 100.0, "percent_statements_covered_display": "100"}, "missing_lines": [], "excluded_lines": [], "start_line": 1}}, "classes": {"": {"executed_lines": [3, 4, 6], "summary": {"covered_lines": 3, "num_statements": 3, "percent_covered": 100.0, "percent_covered_display": "100", "missing_lines": 0, "excluded_lines": 0, "percent_statements_covered": 100.0, "percent_statements_covered_display": "100"}, "missing_lines": [], "excluded_lines": [], "start_line": 1}}}, "src/witty_service/storage/runtime_backup.py": {"executed_lines": [1, 3, 4, 5, 8, 11, 12, 14, 24, 25, 27, 28, 30, 31, 32, 33, 34, 36, 42, 44, 45, 47, 48, 49, 50, 51, 53, 55, 56, 58, 60, 61, 62], "summary": {"covered_lines": 33, "num_statements": 33, "percent_covered": 100.0, "percent_covered_display": "100", "missing_lines": 0, "excluded_lines": 0, "percent_statements_covered": 100.0, "percent_statements_covered_display": "100"}, "missing_lines": [], "excluded_lines": [], "functions": {"RuntimeBackupStore.__init__": {"executed_lines": [12], "summary": {"covered_lines": 1, "num_statements": 1, "percent_covered": 100.0, "percent_covered_display": "100", "missing_lines": 0, "excluded_lines": 0, "percent_statements_covered": 100.0, "percent_statements_covered_display": "100"}, "missing_lines": [], "excluded_lines": [], "start_line": 11}, "RuntimeBackupStore.backup": {"executed_lines": [24, 25, 27, 28, 30, 31, 32, 33, 34], "summary": {"covered_lines": 9, "num_statements": 9, "percent_covered": 100.0, "percent_covered_display": "100", "missing_lines": 0, "excluded_lines": 0, "percent_statements_covered": 100.0, "percent_statements_covered_display": "100"}, "missing_lines": [], "excluded_lines": [], "start_line": 14}, "RuntimeBackupStore.restore": {"executed_lines": [42, 44, 45, 47, 48, 49, 50, 51], "summary": {"covered_lines": 8, "num_statements": 8, "percent_covered": 100.0, "percent_covered_display": "100", "missing_lines": 0, "excluded_lines": 0, "percent_statements_covered": 100.0, "percent_statements_covered_display": "100"}, "missing_lines": [], "excluded_lines": [], "start_line": 36}, "RuntimeBackupStore.backup_exists": {"executed_lines": [55, 56], "summary": {"covered_lines": 2, "num_statements": 2, "percent_covered": 100.0, "percent_covered_display": "100", "missing_lines": 0, "excluded_lines": 0, "percent_statements_covered": 100.0, "percent_statements_covered_display": "100"}, "missing_lines": [], "excluded_lines": [], "start_line": 53}, "RuntimeBackupStore.delete_backup": {"executed_lines": [60, 61, 62], "summary": {"covered_lines": 3, "num_statements": 3, "percent_covered": 100.0, "percent_covered_display": "100", "missing_lines": 0, "excluded_lines": 0, "percent_statements_covered": 100.0, "percent_statements_covered_display": "100"}, "missing_lines": [], "excluded_lines": [], "start_line": 58}, "": {"executed_lines": [1, 3, 4, 5, 8, 11, 14, 36, 53, 58], "summary": {"covered_lines": 10, "num_statements": 10, "percent_covered": 100.0, "percent_covered_display": "100", "missing_lines": 0, "excluded_lines": 0, "percent_statements_covered": 100.0, "percent_statements_covered_display": "100"}, "missing_lines": [], "excluded_lines": [], "start_line": 1}}, "classes": {"RuntimeBackupStore": {"executed_lines": [12, 24, 25, 27, 28, 30, 31, 32, 33, 34, 42, 44, 45, 47, 48, 49, 50, 51, 55, 56, 60, 61, 62], "summary": {"covered_lines": 23, "num_statements": 23, "percent_covered": 100.0, "percent_covered_display": "100", "missing_lines": 0, "excluded_lines": 0, "percent_statements_covered": 100.0, "percent_statements_covered_display": "100"}, "missing_lines": [], "excluded_lines": [], "start_line": 8}, "": {"executed_lines": [1, 3, 4, 5, 8, 11, 14, 36, 53, 58], "summary": {"covered_lines": 10, "num_statements": 10, "percent_covered": 100.0, "percent_covered_display": "100", "missing_lines": 0, "excluded_lines": 0, "percent_statements_covered": 100.0, "percent_statements_covered_display": "100"}, "missing_lines": [], "excluded_lines": [], "start_line": 1}}}, "src/witty_service/storage/workspace_store.py": {"executed_lines": [1, 3, 4, 7, 8, 14, 15, 16, 17, 19, 20, 22, 24, 25, 26, 27, 28, 30, 31, 32, 33, 35, 36, 37, 38, 39, 40, 42, 44, 45, 46, 47, 48, 49, 50, 51, 53, 54, 58, 59, 60], "summary": {"covered_lines": 41, "num_statements": 43, "percent_covered": 95.34883720930233, "percent_covered_display": "95", "missing_lines": 2, "excluded_lines": 0, "percent_statements_covered": 95.34883720930233, "percent_statements_covered_display": "95"}, "missing_lines": [41, 55], "excluded_lines": [], "functions": {"WorkspaceStore.__init__": {"executed_lines": [14, 15, 16, 17, 19, 20, 22], "summary": {"covered_lines": 7, "num_statements": 7, "percent_covered": 100.0, "percent_covered_display": "100", "missing_lines": 0, "excluded_lines": 0, "percent_statements_covered": 100.0, "percent_statements_covered_display": "100"}, "missing_lines": [], "excluded_lines": [], "start_line": 8}, "WorkspaceStore.init_workspace": {"executed_lines": [25, 26, 27, 28], "summary": {"covered_lines": 4, "num_statements": 4, "percent_covered": 100.0, "percent_covered_display": "100", "missing_lines": 0, "excluded_lines": 0, "percent_statements_covered": 100.0, "percent_statements_covered_display": "100"}, "missing_lines": [], "excluded_lines": [], "start_line": 24}, "WorkspaceStore.cleanup_workspace": {"executed_lines": [31, 32, 33], "summary": {"covered_lines": 3, "num_statements": 3, "percent_covered": 100.0, "percent_covered_display": "100", "missing_lines": 0, "excluded_lines": 0, "percent_statements_covered": 100.0, "percent_statements_covered_display": "100"}, "missing_lines": [], "excluded_lines": [], "start_line": 30}, "WorkspaceStore._agent_workspace_path": {"executed_lines": [36, 37, 38, 39, 40, 42], "summary": {"covered_lines": 6, "num_statements": 7, "percent_covered": 85.71428571428571, "percent_covered_display": "86", "missing_lines": 1, "excluded_lines": 0, "percent_statements_covered": 85.71428571428571, "percent_statements_covered_display": "86"}, "missing_lines": [41], "excluded_lines": [], "start_line": 35}, "WorkspaceStore._validate_agent_id": {"executed_lines": [46, 47, 48, 49, 50, 51, 53, 54], "summary": {"covered_lines": 8, "num_statements": 9, "percent_covered": 88.88888888888889, "percent_covered_display": "89", "missing_lines": 1, "excluded_lines": 0, "percent_statements_covered": 88.88888888888889, "percent_statements_covered_display": "89"}, "missing_lines": [55], "excluded_lines": [], "start_line": 45}, "LocalWorkspaceStore.__init__": {"executed_lines": [60], "summary": {"covered_lines": 1, "num_statements": 1, "percent_covered": 100.0, "percent_covered_display": "100", "missing_lines": 0, "excluded_lines": 0, "percent_statements_covered": 100.0, "percent_statements_covered_display": "100"}, "missing_lines": [], "excluded_lines": [], "start_line": 59}, "": {"executed_lines": [1, 3, 4, 7, 8, 24, 30, 35, 44, 45, 58, 59], "summary": {"covered_lines": 12, "num_statements": 12, "percent_covered": 100.0, "percent_covered_display": "100", "missing_lines": 0, "excluded_lines": 0, "percent_statements_covered": 100.0, "percent_statements_covered_display": "100"}, "missing_lines": [], "excluded_lines": [], "start_line": 1}}, "classes": {"WorkspaceStore": {"executed_lines": [14, 15, 16, 17, 19, 20, 22, 25, 26, 27, 28, 31, 32, 33, 36, 37, 38, 39, 40, 42, 46, 47, 48, 49, 50, 51, 53, 54], "summary": {"covered_lines": 28, "num_statements": 30, "percent_covered": 93.33333333333333, "percent_covered_display": "93", "missing_lines": 2, "excluded_lines": 0, "percent_statements_covered": 93.33333333333333, "percent_statements_covered_display": "93"}, "missing_lines": [41, 55], "excluded_lines": [], "start_line": 7}, "LocalWorkspaceStore": {"executed_lines": [60], "summary": {"covered_lines": 1, "num_statements": 1, "percent_covered": 100.0, "percent_covered_display": "100", "missing_lines": 0, "excluded_lines": 0, "percent_statements_covered": 100.0, "percent_statements_covered_display": "100"}, "missing_lines": [], "excluded_lines": [], "start_line": 58}, "": {"executed_lines": [1, 3, 4, 7, 8, 24, 30, 35, 44, 45, 58, 59], "summary": {"covered_lines": 12, "num_statements": 12, "percent_covered": 100.0, "percent_covered_display": "100", "missing_lines": 0, "excluded_lines": 0, "percent_statements_covered": 100.0, "percent_statements_covered_display": "100"}, "missing_lines": [], "excluded_lines": [], "start_line": 1}}}, "src/witty_service/workspace_init.py": {"executed_lines": [1, 2, 3, 4, 6, 8, 11, 12, 13, 15, 17, 18, 19, 21, 23, 24, 31, 32, 33, 34, 36, 37, 39, 40, 41, 42, 47, 49], "summary": {"covered_lines": 28, "num_statements": 36, "percent_covered": 77.77777777777777, "percent_covered_display": "78", "missing_lines": 8, "excluded_lines": 0, "percent_statements_covered": 77.77777777777777, "percent_statements_covered_display": "78"}, "missing_lines": [25, 26, 27, 28, 29, 43, 44, 45], "excluded_lines": [], "functions": {"init_workspace": {"executed_lines": [12, 13, 15, 17, 18, 19, 21, 23, 24, 31, 32, 33, 34, 36, 37, 39, 40, 41, 42, 47, 49], "summary": {"covered_lines": 21, "num_statements": 29, "percent_covered": 72.41379310344827, "percent_covered_display": "72", "missing_lines": 8, "excluded_lines": 0, "percent_statements_covered": 72.41379310344827, "percent_statements_covered_display": "72"}, "missing_lines": [25, 26, 27, 28, 29, 43, 44, 45], "excluded_lines": [], "start_line": 11}, "": {"executed_lines": [1, 2, 3, 4, 6, 8, 11], "summary": {"covered_lines": 7, "num_statements": 7, "percent_covered": 100.0, "percent_covered_display": "100", "missing_lines": 0, "excluded_lines": 0, "percent_statements_covered": 100.0, "percent_statements_covered_display": "100"}, "missing_lines": [], "excluded_lines": [], "start_line": 1}}, "classes": {"": {"executed_lines": [1, 2, 3, 4, 6, 8, 11, 12, 13, 15, 17, 18, 19, 21, 23, 24, 31, 32, 33, 34, 36, 37, 39, 40, 41, 42, 47, 49], "summary": {"covered_lines": 28, "num_statements": 36, "percent_covered": 77.77777777777777, "percent_covered_display": "78", "missing_lines": 8, "excluded_lines": 0, "percent_statements_covered": 77.77777777777777, "percent_statements_covered_display": "78"}, "missing_lines": [25, 26, 27, 28, 29, 43, 44, 45], "excluded_lines": [], "start_line": 1}}}}, "totals": {"covered_lines": 3439, "num_statements": 5708, "percent_covered": 60.248773651016116, "percent_covered_display": "60", "missing_lines": 2269, "excluded_lines": 171, "percent_statements_covered": 60.248773651016116, "percent_statements_covered_display": "60"}}